#
# A fatal error has been detected by the Java Runtime Environment:
#
#  Internal Error (javaClasses.cpp:136), pid=3263, tid=140721809790720
#  fatal error: Invalid layout of preloaded class
#
# JRE version:  (7.0_40-b43) (build )
# Java VM: Java HotSpot(TM) 64-Bit Server VM (24.0-b56 mixed mode linux-amd64 compressed oops)
# Failed to write core dump. Core dumps have been disabled. To enable core dumping, try "ulimit -c unlimited" before starting Java again
#
# If you would like to submit a bug report, please visit:
#   http://bugreport.sun.com/bugreport/crash.jsp
#

---------------  T H R E A D  ---------------

Current thread (0x00007ffc5000a000):  JavaThread "Unknown thread" [_thread_in_vm, id=3265, stack(0x00007ffc596c1000,0x00007ffc597c2000)]

Stack: [0x00007ffc596c1000,0x00007ffc597c2000],  sp=0x00007ffc597c07c0,  free space=1021k
Native frames: (J=compiled Java code, j=interpreted, Vv=VM code, C=native code)
V  [libjvm.so+0x99242a]  VMError::report_and_die()+0x2ea
V  [libjvm.so+0x493529]  report_fatal(char const*, int, char const*)+0x59
V  [libjvm.so+0x5fdc80]  compute_offset(int&, klassOopDesc*, Symbol*, Symbol*, bool)+0x140
V  [libjvm.so+0x5fe799]  java_lang_String::compute_offsets()+0x39
V  [libjvm.so+0x9186f5]  SystemDictionary::initialize_preloaded_classes(Thread*)+0x1a5
V  [libjvm.so+0x967434]  Universe::genesis(Thread*)+0x494
V  [libjvm.so+0x9678e9]  universe2_init()+0x29
V  [libjvm.so+0x5a961d]  init_globals()+0xbd
V  [libjvm.so+0x94e4bd]  Threads::create_vm(JavaVMInitArgs*, bool*)+0x1ed
V  [libjvm.so+0x630004]  JNI_CreateJavaVM+0x74
C  [libjli.so+0x2f8e]  JavaMain+0x9e


---------------  P R O C E S S  ---------------

Java Threads: ( => current thread )

Other Threads:

=>0x00007ffc5000a000 (exited) JavaThread "Unknown thread" [_thread_in_vm, id=3265, stack(0x00007ffc596c1000,0x00007ffc597c2000)]

VM state:not at safepoint (not fully initialized)

VM Mutex/Monitor currently owned by a thread: None

GC Heap History (0 events):
No events

Deoptimization events (0 events):
No events

Internal exceptions (0 events):
No events

Events (10 events):
Event: 0.006 loading class 0x00007ffc55d256f0 done
Event: 0.006 loading class 0x00007ffc55d25110 done
Event: 0.006 loading class 0x00007ffc55d250f0
Event: 0.007 loading class 0x00007ffc55d2d1f0
Event: 0.007 loading class 0x00007ffc55d2d1f0 done
Event: 0.007 loading class 0x00007ffc55d2d220
Event: 0.007 loading class 0x00007ffc55d2d220 done
Event: 0.007 loading class 0x00007ffc55d2d250
Event: 0.007 loading class 0x00007ffc55d2d250 done
Event: 0.007 loading class 0x00007ffc55d250f0 done


Dynamic libraries:
00400000-00401000 r-xp 00000000 08:05 5904068                            /usr/lib/jvm/java-7-oracle/bin/java
00600000-00601000 rw-p 00000000 08:05 5904068                            /usr/lib/jvm/java-7-oracle/bin/java
01607000-01628000 rw-p 00000000 00:00 0                                  [heap]
a0600000-a1b00000 rw-p 00000000 00:00 0 
a1b00000-a5800000 rw-p 00000000 00:00 0 
a5800000-a9400000 rw-p 00000000 00:00 0 
a9400000-e1d00000 rw-p 00000000 00:00 0 
e1d00000-e3b80000 rw-p 00000000 00:00 0 
e3b80000-100000000 rw-p 00000000 00:00 0 
7ffc30000000-7ffc30021000 rw-p 00000000 00:00 0 
7ffc30021000-7ffc34000000 ---p 00000000 00:00 0 
7ffc38000000-7ffc38021000 rw-p 00000000 00:00 0 
7ffc38021000-7ffc3c000000 ---p 00000000 00:00 0 
7ffc40000000-7ffc40021000 rw-p 00000000 00:00 0 
7ffc40021000-7ffc44000000 ---p 00000000 00:00 0 
7ffc45030000-7ffc48000000 rw-p 00000000 00:00 0 
7ffc48000000-7ffc48021000 rw-p 00000000 00:00 0 
7ffc48021000-7ffc4c000000 ---p 00000000 00:00 0 
7ffc4d000000-7ffc4d270000 rwxp 00000000 00:00 0 
7ffc4d270000-7ffc50054000 rw-p 00000000 00:00 0 
7ffc50054000-7ffc54000000 ---p 00000000 00:00 0 
7ffc55979000-7ffc55be5000 rw-p 00000000 00:00 0 
7ffc55be5000-7ffc55caf000 r--s 011ad000 08:05 4333393                    /home/lilit/Desktop/adt-bundle-linux-x86_64-20130917/sdk/platforms/android-18/android.jar
7ffc55caf000-7ffc560c3000 rw-p 00000000 00:00 0 
7ffc560c3000-7ffc560c4000 ---p 00000000 00:00 0 
7ffc560c4000-7ffc561c4000 rw-p 00000000 00:00 0                          [stack:3269]
7ffc561c4000-7ffc561c5000 ---p 00000000 00:00 0 
7ffc561c5000-7ffc562c5000 rw-p 00000000 00:00 0                          [stack:3268]
7ffc562c5000-7ffc562c6000 ---p 00000000 00:00 0 
7ffc562c6000-7ffc563c6000 rw-p 00000000 00:00 0                          [stack:3267]
7ffc563c6000-7ffc563c7000 ---p 00000000 00:00 0 
7ffc563c7000-7ffc564d2000 rw-p 00000000 00:00 0                          [stack:3266]
7ffc564d2000-7ffc564f0000 rw-p 00000000 00:00 0 
7ffc564f0000-7ffc5650e000 rw-p 00000000 00:00 0 
7ffc5650e000-7ffc566d3000 rw-p 00000000 00:00 0 
7ffc566d3000-7ffc566de000 rw-p 00000000 00:00 0 
7ffc566de000-7ffc566fc000 rw-p 00000000 00:00 0 
7ffc566fc000-7ffc5671a000 rw-p 00000000 00:00 0 
7ffc5671a000-7ffc568de000 rw-p 00000000 00:00 0 
7ffc568de000-7ffc568ee000 rw-p 00000000 00:00 0 
7ffc568ee000-7ffc569d0000 rw-p 00000000 00:00 0 
7ffc569d0000-7ffc569d1000 rw-p 00000000 00:00 0 
7ffc569d1000-7ffc569eb000 r-xp 00000000 08:05 7867408                    /usr/lib/jvm/java-7-oracle/jre/lib/amd64/libzip.so
7ffc569eb000-7ffc56beb000 ---p 0001a000 08:05 7867408                    /usr/lib/jvm/java-7-oracle/jre/lib/amd64/libzip.so
7ffc56beb000-7ffc56bec000 rw-p 0001a000 08:05 7867408                    /usr/lib/jvm/java-7-oracle/jre/lib/amd64/libzip.so
7ffc56bec000-7ffc56bf8000 r-xp 00000000 08:05 13369446                   /lib/x86_64-linux-gnu/libnss_files-2.15.so
7ffc56bf8000-7ffc56df7000 ---p 0000c000 08:05 13369446                   /lib/x86_64-linux-gnu/libnss_files-2.15.so
7ffc56df7000-7ffc56df8000 r--p 0000b000 08:05 13369446                   /lib/x86_64-linux-gnu/libnss_files-2.15.so
7ffc56df8000-7ffc56df9000 rw-p 0000c000 08:05 13369446                   /lib/x86_64-linux-gnu/libnss_files-2.15.so
7ffc56df9000-7ffc56e03000 r-xp 00000000 08:05 13369349                   /lib/x86_64-linux-gnu/libnss_nis-2.15.so
7ffc56e03000-7ffc57003000 ---p 0000a000 08:05 13369349                   /lib/x86_64-linux-gnu/libnss_nis-2.15.so
7ffc57003000-7ffc57004000 r--p 0000a000 08:05 13369349                   /lib/x86_64-linux-gnu/libnss_nis-2.15.so
7ffc57004000-7ffc57005000 rw-p 0000b000 08:05 13369349                   /lib/x86_64-linux-gnu/libnss_nis-2.15.so
7ffc57005000-7ffc5701c000 r-xp 00000000 08:05 13369456                   /lib/x86_64-linux-gnu/libnsl-2.15.so
7ffc5701c000-7ffc5721b000 ---p 00017000 08:05 13369456                   /lib/x86_64-linux-gnu/libnsl-2.15.so
7ffc5721b000-7ffc5721c000 r--p 00016000 08:05 13369456                   /lib/x86_64-linux-gnu/libnsl-2.15.so
7ffc5721c000-7ffc5721d000 rw-p 00017000 08:05 13369456                   /lib/x86_64-linux-gnu/libnsl-2.15.so
7ffc5721d000-7ffc5721f000 rw-p 00000000 00:00 0 
7ffc5721f000-7ffc57227000 r-xp 00000000 08:05 13369460                   /lib/x86_64-linux-gnu/libnss_compat-2.15.so
7ffc57227000-7ffc57426000 ---p 00008000 08:05 13369460                   /lib/x86_64-linux-gnu/libnss_compat-2.15.so
7ffc57426000-7ffc57427000 r--p 00007000 08:05 13369460                   /lib/x86_64-linux-gnu/libnss_compat-2.15.so
7ffc57427000-7ffc57428000 rw-p 00008000 08:05 13369460                   /lib/x86_64-linux-gnu/libnss_compat-2.15.so
7ffc57428000-7ffc57451000 r-xp 00000000 08:05 7867395                    /usr/lib/jvm/java-7-oracle/jre/lib/amd64/libjava.so
7ffc57451000-7ffc57651000 ---p 00029000 08:05 7867395                    /usr/lib/jvm/java-7-oracle/jre/lib/amd64/libjava.so
7ffc57651000-7ffc57653000 rw-p 00029000 08:05 7867395                    /usr/lib/jvm/java-7-oracle/jre/lib/amd64/libjava.so
7ffc57653000-7ffc57660000 r-xp 00000000 08:05 7867375                    /usr/lib/jvm/java-7-oracle/jre/lib/amd64/libverify.so
7ffc57660000-7ffc5785f000 ---p 0000d000 08:05 7867375                    /usr/lib/jvm/java-7-oracle/jre/lib/amd64/libverify.so
7ffc5785f000-7ffc57861000 rw-p 0000c000 08:05 7867375                    /usr/lib/jvm/java-7-oracle/jre/lib/amd64/libverify.so
7ffc57861000-7ffc57868000 r-xp 00000000 08:05 13369448                   /lib/x86_64-linux-gnu/librt-2.15.so
7ffc57868000-7ffc57a67000 ---p 00007000 08:05 13369448                   /lib/x86_64-linux-gnu/librt-2.15.so
7ffc57a67000-7ffc57a68000 r--p 00006000 08:05 13369448                   /lib/x86_64-linux-gnu/librt-2.15.so
7ffc57a68000-7ffc57a69000 rw-p 00007000 08:05 13369448                   /lib/x86_64-linux-gnu/librt-2.15.so
7ffc57a69000-7ffc57b64000 r-xp 00000000 08:05 13369457                   /lib/x86_64-linux-gnu/libm-2.15.so
7ffc57b64000-7ffc57d63000 ---p 000fb000 08:05 13369457                   /lib/x86_64-linux-gnu/libm-2.15.so
7ffc57d63000-7ffc57d64000 r--p 000fa000 08:05 13369457                   /lib/x86_64-linux-gnu/libm-2.15.so
7ffc57d64000-7ffc57d65000 rw-p 000fb000 08:05 13369457                   /lib/x86_64-linux-gnu/libm-2.15.so
7ffc57d65000-7ffc588c7000 r-xp 00000000 08:05 7867360                    /usr/lib/jvm/java-7-oracle/jre/lib/amd64/server/libjvm.so
7ffc588c7000-7ffc58ac7000 ---p 00b62000 08:05 7867360                    /usr/lib/jvm/java-7-oracle/jre/lib/amd64/server/libjvm.so
7ffc58ac7000-7ffc58b8a000 rw-p 00b62000 08:05 7867360                    /usr/lib/jvm/java-7-oracle/jre/lib/amd64/server/libjvm.so
7ffc58b8a000-7ffc58bcb000 rw-p 00000000 00:00 0 
7ffc58bcb000-7ffc58d80000 r-xp 00000000 08:05 13370023                   /lib/x86_64-linux-gnu/libc-2.15.so
7ffc58d80000-7ffc58f7f000 ---p 001b5000 08:05 13370023                   /lib/x86_64-linux-gnu/libc-2.15.so
7ffc58f7f000-7ffc58f83000 r--p 001b4000 08:05 13370023                   /lib/x86_64-linux-gnu/libc-2.15.so
7ffc58f83000-7ffc58f85000 rw-p 001b8000 08:05 13370023                   /lib/x86_64-linux-gnu/libc-2.15.so
7ffc58f85000-7ffc58f8a000 rw-p 00000000 00:00 0 
7ffc58f8a000-7ffc58f8c000 r-xp 00000000 08:05 13369459                   /lib/x86_64-linux-gnu/libdl-2.15.so
7ffc58f8c000-7ffc5918c000 ---p 00002000 08:05 13369459                   /lib/x86_64-linux-gnu/libdl-2.15.so
7ffc5918c000-7ffc5918d000 r--p 00002000 08:05 13369459                   /lib/x86_64-linux-gnu/libdl-2.15.so
7ffc5918d000-7ffc5918e000 rw-p 00003000 08:05 13369459                   /lib/x86_64-linux-gnu/libdl-2.15.so
7ffc5918e000-7ffc591a4000 r-xp 00000000 08:05 7867378                    /usr/lib/jvm/java-7-oracle/jre/lib/amd64/jli/libjli.so
7ffc591a4000-7ffc593a4000 ---p 00016000 08:05 7867378                    /usr/lib/jvm/java-7-oracle/jre/lib/amd64/jli/libjli.so
7ffc593a4000-7ffc593a5000 rw-p 00016000 08:05 7867378                    /usr/lib/jvm/java-7-oracle/jre/lib/amd64/jli/libjli.so
7ffc593a5000-7ffc593bd000 r-xp 00000000 08:05 13369367                   /lib/x86_64-linux-gnu/libpthread-2.15.so
7ffc593bd000-7ffc595bc000 ---p 00018000 08:05 13369367                   /lib/x86_64-linux-gnu/libpthread-2.15.so
7ffc595bc000-7ffc595bd000 r--p 00017000 08:05 13369367                   /lib/x86_64-linux-gnu/libpthread-2.15.so
7ffc595bd000-7ffc595be000 rw-p 00018000 08:05 13369367                   /lib/x86_64-linux-gnu/libpthread-2.15.so
7ffc595be000-7ffc595c2000 rw-p 00000000 00:00 0 
7ffc595c2000-7ffc595e4000 r-xp 00000000 08:05 13369449                   /lib/x86_64-linux-gnu/ld-2.15.so
7ffc59601000-7ffc5960b000 rw-p 00000000 00:00 0 
7ffc5960b000-7ffc596c1000 rw-p 00000000 00:00 0 
7ffc596c1000-7ffc596c4000 ---p 00000000 00:00 0 
7ffc596c4000-7ffc597c6000 rw-p 00000000 00:00 0                          [stack:3265]
7ffc597d8000-7ffc597e0000 rw-s 00000000 08:05 10354730                   /tmp/hsperfdata_lilit/3263
7ffc597e0000-7ffc597e1000 rw-p 00000000 00:00 0 
7ffc597e1000-7ffc597e2000 r--p 00000000 00:00 0 
7ffc597e2000-7ffc597e4000 rw-p 00000000 00:00 0 
7ffc597e4000-7ffc597e5000 r--p 00022000 08:05 13369449                   /lib/x86_64-linux-gnu/ld-2.15.so
7ffc597e5000-7ffc597e7000 rw-p 00023000 08:05 13369449                   /lib/x86_64-linux-gnu/ld-2.15.so
7fffe69d3000-7fffe69f4000 rw-p 00000000 00:00 0                          [stack]
7fffe69ff000-7fffe6a00000 r-xp 00000000 00:00 0                          [vdso]
ffffffffff600000-ffffffffff601000 r-xp 00000000 00:00 0                  [vsyscall]

VM Arguments:
jvm_args: -Dfile.encoding=UTF-8 -Xbootclasspath:/home/lilit/Desktop/adt-bundle-linux-x86_64-20130917/sdk/platforms/android-18/android.jar 
java_command: com.exam.chat.ChatHelper
Launcher Type: SUN_STANDARD

Environment Variables:
JAVA_HOME=/usr/local/java/jdk1.7.0_25
PATH=/home/lilit/bin:/usr/lib/lightdm/lightdm:/usr/local/sbin:/usr/local/bin:/usr/sbin:/usr/bin:/sbin:/bin:/usr/games:/usr/local/games:/home/lilit/bin:/usr/local/java/jdk1.7.0_25/bin
SHELL=/bin/bash
DISPLAY=:0.0

Signal Handlers:
SIGSEGV: [libjvm.so+0x992d50], sa_mask[0]=0x7ffbfeff, sa_flags=0x10000004
SIGBUS: [libjvm.so+0x992d50], sa_mask[0]=0x7ffbfeff, sa_flags=0x10000004
SIGFPE: [libjvm.so+0x80fb00], sa_mask[0]=0x7ffbfeff, sa_flags=0x10000004
SIGPIPE: [libjvm.so+0x80fb00], sa_mask[0]=0x7ffbfeff, sa_flags=0x10000004
SIGXFSZ: [libjvm.so+0x80fb00], sa_mask[0]=0x7ffbfeff, sa_flags=0x10000004
SIGILL: [libjvm.so+0x80fb00], sa_mask[0]=0x7ffbfeff, sa_flags=0x10000004
SIGUSR1: SIG_DFL, sa_mask[0]=0x00000000, sa_flags=0x00000000
SIGUSR2: [libjvm.so+0x810ff0], sa_mask[0]=0x00000004, sa_flags=0x10000004
SIGHUP: SIG_DFL, sa_mask[0]=0x00000000, sa_flags=0x00000000
SIGINT: SIG_DFL, sa_mask[0]=0x00000000, sa_flags=0x00000000
SIGTERM: SIG_DFL, sa_mask[0]=0x00000000, sa_flags=0x00000000
SIGQUIT: SIG_DFL, sa_mask[0]=0x00000000, sa_flags=0x00000000


---------------  S Y S T E M  ---------------

OS:wheezy/sid

uname:Linux 3.5.0-17-generic #28-Ubuntu SMP Tue Oct 9 19:31:23 UTC 2012 x86_64
libc:glibc 2.15 NPTL 2.15 
rlimit: STACK 8192k, CORE 0k, NPROC 46183, NOFILE 4096, AS infinity
load average:0.52 1.01 0.58

/proc/meminfo:
MemTotal:        5929848 kB
MemFree:         3788532 kB
Buffers:           86888 kB
Cached:           805184 kB
SwapCached:            0 kB
Active:          1254272 kB
Inactive:         666788 kB
Active(anon):    1036940 kB
Inactive(anon):   171056 kB
Active(file):     217332 kB
Inactive(file):   495732 kB
Unevictable:       31424 kB
Mlocked:           31424 kB
SwapTotal:       6103036 kB
SwapFree:        6103036 kB
Dirty:               196 kB
Writeback:             0 kB
AnonPages:       1060476 kB
Mapped:           175956 kB
Shmem:            173180 kB
Slab:              75312 kB
SReclaimable:      47496 kB
SUnreclaim:        27816 kB
KernelStack:        4000 kB
PageTables:        32428 kB
NFS_Unstable:          0 kB
Bounce:                0 kB
WritebackTmp:          0 kB
CommitLimit:     9067960 kB
Committed_AS:    4273464 kB
VmallocTotal:   34359738367 kB
VmallocUsed:      368688 kB
VmallocChunk:   34359366108 kB
HardwareCorrupted:     0 kB
AnonHugePages:         0 kB
HugePages_Total:       0
HugePages_Free:        0
HugePages_Rsvd:        0
HugePages_Surp:        0
Hugepagesize:       2048 kB
DirectMap4k:       55296 kB
DirectMap2M:     5029888 kB


CPU:total 4 (2 cores per cpu, 2 threads per core) family 6 model 58 stepping 9, cmov, cx8, fxsr, mmx, sse, sse2, sse3, ssse3, sse4.1, sse4.2, popcnt, avx, erms, ht, tsc, tscinvbit, tscinv

/proc/cpuinfo:
processor	: 0
vendor_id	: GenuineIntel
cpu family	: 6
model		: 58
model name	: Intel(R) Core(TM) i3-3120M CPU @ 2.50GHz
stepping	: 9
microcode	: 0x15
cpu MHz		: 2500.000
cache size	: 3072 KB
physical id	: 0
siblings	: 4
core id		: 0
cpu cores	: 2
apicid		: 0
initial apicid	: 0
fpu		: yes
fpu_exception	: yes
cpuid level	: 13
wp		: yes
flags		: fpu vme de pse tsc msr pae mce cx8 apic sep mtrr pge mca cmov pat pse36 clflush dts acpi mmx fxsr sse sse2 ss ht tm pbe syscall nx rdtscp lm constant_tsc arch_perfmon pebs bts rep_good nopl xtopology nonstop_tsc aperfmperf pni pclmulqdq dtes64 monitor ds_cpl vmx est tm2 ssse3 cx16 xtpr pdcm pcid sse4_1 sse4_2 x2apic popcnt tsc_deadline_timer xsave avx f16c lahf_lm arat epb xsaveopt pln pts dtherm tpr_shadow vnmi flexpriority ept vpid fsgsbase smep erms
bogomips	: 4988.75
clflush size	: 64
cache_alignment	: 64
address sizes	: 36 bits physical, 48 bits virtual
power management:

processor	: 1
vendor_id	: GenuineIntel
cpu family	: 6
model		: 58
model name	: Intel(R) Core(TM) i3-3120M CPU @ 2.50GHz
stepping	: 9
microcode	: 0x15
cpu MHz		: 2500.000
cache size	: 3072 KB
physical id	: 0
siblings	: 4
core id		: 0
cpu cores	: 2
apicid		: 1
initial apicid	: 1
fpu		: yes
fpu_exception	: yes
cpuid level	: 13
wp		: yes
flags		: fpu vme de pse tsc msr pae mce cx8 apic sep mtrr pge mca cmov pat pse36 clflush dts acpi mmx fxsr sse sse2 ss ht tm pbe syscall nx rdtscp lm constant_tsc arch_perfmon pebs bts rep_good nopl xtopology nonstop_tsc aperfmperf pni pclmulqdq dtes64 monitor ds_cpl vmx est tm2 ssse3 cx16 xtpr pdcm pcid sse4_1 sse4_2 x2apic popcnt tsc_deadline_timer xsave avx f16c lahf_lm arat epb xsaveopt pln pts dtherm tpr_shadow vnmi flexpriority ept vpid fsgsbase smep erms
bogomips	: 4988.75
clflush size	: 64
cache_alignment	: 64
address sizes	: 36 bits physical, 48 bits virtual
power management:

processor	: 2
vendor_id	: GenuineIntel
cpu family	: 6
model		: 58
model name	: Intel(R) Core(TM) i3-3120M CPU @ 2.50GHz
stepping	: 9
microcode	: 0x15
cpu MHz		: 2500.000
cache size	: 3072 KB
physical id	: 0
siblings	: 4
core id		: 1
cpu cores	: 2
apicid		: 2
initial apicid	: 2
fpu		: yes
fpu_exception	: yes
cpuid level	: 13
wp		: yes
flags		: fpu vme de pse tsc msr pae mce cx8 apic sep mtrr pge mca cmov pat pse36 clflush dts acpi mmx fxsr sse sse2 ss ht tm pbe syscall nx rdtscp lm constant_tsc arch_perfmon pebs bts rep_good nopl xtopology nonstop_tsc aperfmperf pni pclmulqdq dtes64 monitor ds_cpl vmx est tm2 ssse3 cx16 xtpr pdcm pcid sse4_1 sse4_2 x2apic popcnt tsc_deadline_timer xsave avx f16c lahf_lm arat epb xsaveopt pln pts dtherm tpr_shadow vnmi flexpriority ept vpid fsgsbase smep erms
bogomips	: 4988.75
clflush size	: 64
cache_alignment	: 64
address sizes	: 36 bits physical, 48 bits virtual
power management:

processor	: 3
vendor_id	: GenuineIntel
cpu family	: 6
model		: 58
model name	: Intel(R) Core(TM) i3-3120M CPU @ 2.50GHz
stepping	: 9
microcode	: 0x15
cpu MHz		: 2000.000
cache size	: 3072 KB
physical id	: 0
siblings	: 4
core id		: 1
cpu cores	: 2
apicid		: 3
initial apicid	: 3
fpu		: yes
fpu_exception	: yes
cpuid level	: 13
wp		: yes
flags		: fpu vme de pse tsc msr pae mce cx8 apic sep mtrr pge mca cmov pat pse36 clflush dts acpi mmx fxsr sse sse2 ss ht tm pbe syscall nx rdtscp lm constant_tsc arch_perfmon pebs bts rep_good nopl xtopology nonstop_tsc aperfmperf pni pclmulqdq dtes64 monitor ds_cpl vmx est tm2 ssse3 cx16 xtpr pdcm pcid sse4_1 sse4_2 x2apic popcnt tsc_deadline_timer xsave avx f16c lahf_lm arat epb xsaveopt pln pts dtherm tpr_shadow vnmi flexpriority ept vpid fsgsbase smep erms
bogomips	: 4988.75
clflush size	: 64
cache_alignment	: 64
address sizes	: 36 bits physical, 48 bits virtual
power management:



Memory: 4k page, physical 5929848k(3788532k free), swap 6103036k(6103036k free)

vm_info: Java HotSpot(TM) 64-Bit Server VM (24.0-b56) for linux-amd64 JRE (1.7.0_40-b43), built on Aug 26 2013 23:53:33 by "java_re" with gcc 4.3.0 20080428 (Red Hat 4.3.0-8)

time: Thu Dec  5 17:24:16 2013
elapsed time: 0 seconds

