#
# A fatal error has been detected by the Java Runtime Environment:
#
#  Internal Error (javaClasses.cpp:136), pid=3719, tid=140180082779904
#  fatal error: Invalid layout of preloaded class
#
# JRE version:  (7.0_40-b43) (build )
# Java VM: Java HotSpot(TM) 64-Bit Server VM (24.0-b56 mixed mode linux-amd64 compressed oops)
# Failed to write core dump. Core dumps have been disabled. To enable core dumping, try "ulimit -c unlimited" before starting Java again
#
# If you would like to submit a bug report, please visit:
#   http://bugreport.sun.com/bugreport/crash.jsp
#

---------------  T H R E A D  ---------------

Current thread (0x00007f7e3000a000):  JavaThread "Unknown thread" [_thread_in_vm, id=3721, stack(0x00007f7e37f9e000,0x00007f7e3809f000)]

Stack: [0x00007f7e37f9e000,0x00007f7e3809f000],  sp=0x00007f7e3809d7c0,  free space=1021k
Native frames: (J=compiled Java code, j=interpreted, Vv=VM code, C=native code)
V  [libjvm.so+0x99242a]  VMError::report_and_die()+0x2ea
V  [libjvm.so+0x493529]  report_fatal(char const*, int, char const*)+0x59
V  [libjvm.so+0x5fdc80]  compute_offset(int&, klassOopDesc*, Symbol*, Symbol*, bool)+0x140
V  [libjvm.so+0x5fe799]  java_lang_String::compute_offsets()+0x39
V  [libjvm.so+0x9186f5]  SystemDictionary::initialize_preloaded_classes(Thread*)+0x1a5
V  [libjvm.so+0x967434]  Universe::genesis(Thread*)+0x494
V  [libjvm.so+0x9678e9]  universe2_init()+0x29
V  [libjvm.so+0x5a961d]  init_globals()+0xbd
V  [libjvm.so+0x94e4bd]  Threads::create_vm(JavaVMInitArgs*, bool*)+0x1ed
V  [libjvm.so+0x630004]  JNI_CreateJavaVM+0x74
C  [libjli.so+0x2f8e]  JavaMain+0x9e


---------------  P R O C E S S  ---------------

Java Threads: ( => current thread )

Other Threads:

=>0x00007f7e3000a000 (exited) JavaThread "Unknown thread" [_thread_in_vm, id=3721, stack(0x00007f7e37f9e000,0x00007f7e3809f000)]

VM state:not at safepoint (not fully initialized)

VM Mutex/Monitor currently owned by a thread: None

GC Heap History (0 events):
No events

Deoptimization events (0 events):
No events

Internal exceptions (0 events):
No events

Events (10 events):
Event: 0.006 loading class 0x00007f7e346026f0 done
Event: 0.006 loading class 0x00007f7e34602110 done
Event: 0.006 loading class 0x00007f7e346020f0
Event: 0.007 loading class 0x00007f7e3460a1f0
Event: 0.007 loading class 0x00007f7e3460a1f0 done
Event: 0.007 loading class 0x00007f7e3460a220
Event: 0.007 loading class 0x00007f7e3460a220 done
Event: 0.007 loading class 0x00007f7e3460a250
Event: 0.007 loading class 0x00007f7e3460a250 done
Event: 0.007 loading class 0x00007f7e346020f0 done


Dynamic libraries:
00400000-00401000 r-xp 00000000 08:05 5904068                            /usr/lib/jvm/java-7-oracle/bin/java
00600000-00601000 rw-p 00000000 08:05 5904068                            /usr/lib/jvm/java-7-oracle/bin/java
01df3000-01e14000 rw-p 00000000 00:00 0                                  [heap]
a0600000-a1b00000 rw-p 00000000 00:00 0 
a1b00000-a5800000 rw-p 00000000 00:00 0 
a5800000-a9400000 rw-p 00000000 00:00 0 
a9400000-e1d00000 rw-p 00000000 00:00 0 
e1d00000-e3b80000 rw-p 00000000 00:00 0 
e3b80000-100000000 rw-p 00000000 00:00 0 
7f7e10000000-7f7e10021000 rw-p 00000000 00:00 0 
7f7e10021000-7f7e14000000 ---p 00000000 00:00 0 
7f7e18000000-7f7e18021000 rw-p 00000000 00:00 0 
7f7e18021000-7f7e1c000000 ---p 00000000 00:00 0 
7f7e20000000-7f7e20021000 rw-p 00000000 00:00 0 
7f7e20021000-7f7e24000000 ---p 00000000 00:00 0 
7f7e25030000-7f7e28000000 rw-p 00000000 00:00 0 
7f7e28000000-7f7e28021000 rw-p 00000000 00:00 0 
7f7e28021000-7f7e2c000000 ---p 00000000 00:00 0 
7f7e2d000000-7f7e2d270000 rwxp 00000000 00:00 0 
7f7e2d270000-7f7e30054000 rw-p 00000000 00:00 0 
7f7e30054000-7f7e34000000 ---p 00000000 00:00 0 
7f7e34256000-7f7e344c2000 rw-p 00000000 00:00 0 
7f7e344c2000-7f7e3458c000 r--s 011ad000 08:05 4333393                    /home/lilit/Desktop/adt-bundle-linux-x86_64-20130917/sdk/platforms/android-18/android.jar
7f7e3458c000-7f7e349a0000 rw-p 00000000 00:00 0 
7f7e349a0000-7f7e349a1000 ---p 00000000 00:00 0 
7f7e349a1000-7f7e34aa1000 rw-p 00000000 00:00 0                          [stack:3728]
7f7e34aa1000-7f7e34aa2000 ---p 00000000 00:00 0 
7f7e34aa2000-7f7e34ba2000 rw-p 00000000 00:00 0                          [stack:3727]
7f7e34ba2000-7f7e34ba3000 ---p 00000000 00:00 0 
7f7e34ba3000-7f7e34ca3000 rw-p 00000000 00:00 0                          [stack:3726]
7f7e34ca3000-7f7e34ca4000 ---p 00000000 00:00 0 
7f7e34ca4000-7f7e34daf000 rw-p 00000000 00:00 0                          [stack:3725]
7f7e34daf000-7f7e34dcd000 rw-p 00000000 00:00 0 
7f7e34dcd000-7f7e34deb000 rw-p 00000000 00:00 0 
7f7e34deb000-7f7e34fb0000 rw-p 00000000 00:00 0 
7f7e34fb0000-7f7e34fbb000 rw-p 00000000 00:00 0 
7f7e34fbb000-7f7e34fd9000 rw-p 00000000 00:00 0 
7f7e34fd9000-7f7e34ff7000 rw-p 00000000 00:00 0 
7f7e34ff7000-7f7e351bb000 rw-p 00000000 00:00 0 
7f7e351bb000-7f7e351cb000 rw-p 00000000 00:00 0 
7f7e351cb000-7f7e352ad000 rw-p 00000000 00:00 0 
7f7e352ad000-7f7e352ae000 rw-p 00000000 00:00 0 
7f7e352ae000-7f7e352c8000 r-xp 00000000 08:05 7867408                    /usr/lib/jvm/java-7-oracle/jre/lib/amd64/libzip.so
7f7e352c8000-7f7e354c8000 ---p 0001a000 08:05 7867408                    /usr/lib/jvm/java-7-oracle/jre/lib/amd64/libzip.so
7f7e354c8000-7f7e354c9000 rw-p 0001a000 08:05 7867408                    /usr/lib/jvm/java-7-oracle/jre/lib/amd64/libzip.so
7f7e354c9000-7f7e354d5000 r-xp 00000000 08:05 13369446                   /lib/x86_64-linux-gnu/libnss_files-2.15.so
7f7e354d5000-7f7e356d4000 ---p 0000c000 08:05 13369446                   /lib/x86_64-linux-gnu/libnss_files-2.15.so
7f7e356d4000-7f7e356d5000 r--p 0000b000 08:05 13369446                   /lib/x86_64-linux-gnu/libnss_files-2.15.so
7f7e356d5000-7f7e356d6000 rw-p 0000c000 08:05 13369446                   /lib/x86_64-linux-gnu/libnss_files-2.15.so
7f7e356d6000-7f7e356e0000 r-xp 00000000 08:05 13369349                   /lib/x86_64-linux-gnu/libnss_nis-2.15.so
7f7e356e0000-7f7e358e0000 ---p 0000a000 08:05 13369349                   /lib/x86_64-linux-gnu/libnss_nis-2.15.so
7f7e358e0000-7f7e358e1000 r--p 0000a000 08:05 13369349                   /lib/x86_64-linux-gnu/libnss_nis-2.15.so
7f7e358e1000-7f7e358e2000 rw-p 0000b000 08:05 13369349                   /lib/x86_64-linux-gnu/libnss_nis-2.15.so
7f7e358e2000-7f7e358f9000 r-xp 00000000 08:05 13369456                   /lib/x86_64-linux-gnu/libnsl-2.15.so
7f7e358f9000-7f7e35af8000 ---p 00017000 08:05 13369456                   /lib/x86_64-linux-gnu/libnsl-2.15.so
7f7e35af8000-7f7e35af9000 r--p 00016000 08:05 13369456                   /lib/x86_64-linux-gnu/libnsl-2.15.so
7f7e35af9000-7f7e35afa000 rw-p 00017000 08:05 13369456                   /lib/x86_64-linux-gnu/libnsl-2.15.so
7f7e35afa000-7f7e35afc000 rw-p 00000000 00:00 0 
7f7e35afc000-7f7e35b04000 r-xp 00000000 08:05 13369460                   /lib/x86_64-linux-gnu/libnss_compat-2.15.so
7f7e35b04000-7f7e35d03000 ---p 00008000 08:05 13369460                   /lib/x86_64-linux-gnu/libnss_compat-2.15.so
7f7e35d03000-7f7e35d04000 r--p 00007000 08:05 13369460                   /lib/x86_64-linux-gnu/libnss_compat-2.15.so
7f7e35d04000-7f7e35d05000 rw-p 00008000 08:05 13369460                   /lib/x86_64-linux-gnu/libnss_compat-2.15.so
7f7e35d05000-7f7e35d2e000 r-xp 00000000 08:05 7867395                    /usr/lib/jvm/java-7-oracle/jre/lib/amd64/libjava.so
7f7e35d2e000-7f7e35f2e000 ---p 00029000 08:05 7867395                    /usr/lib/jvm/java-7-oracle/jre/lib/amd64/libjava.so
7f7e35f2e000-7f7e35f30000 rw-p 00029000 08:05 7867395                    /usr/lib/jvm/java-7-oracle/jre/lib/amd64/libjava.so
7f7e35f30000-7f7e35f3d000 r-xp 00000000 08:05 7867375                    /usr/lib/jvm/java-7-oracle/jre/lib/amd64/libverify.so
7f7e35f3d000-7f7e3613c000 ---p 0000d000 08:05 7867375                    /usr/lib/jvm/java-7-oracle/jre/lib/amd64/libverify.so
7f7e3613c000-7f7e3613e000 rw-p 0000c000 08:05 7867375                    /usr/lib/jvm/java-7-oracle/jre/lib/amd64/libverify.so
7f7e3613e000-7f7e36145000 r-xp 00000000 08:05 13369448                   /lib/x86_64-linux-gnu/librt-2.15.so
7f7e36145000-7f7e36344000 ---p 00007000 08:05 13369448                   /lib/x86_64-linux-gnu/librt-2.15.so
7f7e36344000-7f7e36345000 r--p 00006000 08:05 13369448                   /lib/x86_64-linux-gnu/librt-2.15.so
7f7e36345000-7f7e36346000 rw-p 00007000 08:05 13369448                   /lib/x86_64-linux-gnu/librt-2.15.so
7f7e36346000-7f7e36441000 r-xp 00000000 08:05 13369457                   /lib/x86_64-linux-gnu/libm-2.15.so
7f7e36441000-7f7e36640000 ---p 000fb000 08:05 13369457                   /lib/x86_64-linux-gnu/libm-2.15.so
7f7e36640000-7f7e36641000 r--p 000fa000 08:05 13369457                   /lib/x86_64-linux-gnu/libm-2.15.so
7f7e36641000-7f7e36642000 rw-p 000fb000 08:05 13369457                   /lib/x86_64-linux-gnu/libm-2.15.so
7f7e36642000-7f7e371a4000 r-xp 00000000 08:05 7867360                    /usr/lib/jvm/java-7-oracle/jre/lib/amd64/server/libjvm.so
7f7e371a4000-7f7e373a4000 ---p 00b62000 08:05 7867360                    /usr/lib/jvm/java-7-oracle/jre/lib/amd64/server/libjvm.so
7f7e373a4000-7f7e37467000 rw-p 00b62000 08:05 7867360                    /usr/lib/jvm/java-7-oracle/jre/lib/amd64/server/libjvm.so
7f7e37467000-7f7e374a8000 rw-p 00000000 00:00 0 
7f7e374a8000-7f7e3765d000 r-xp 00000000 08:05 13370023                   /lib/x86_64-linux-gnu/libc-2.15.so
7f7e3765d000-7f7e3785c000 ---p 001b5000 08:05 13370023                   /lib/x86_64-linux-gnu/libc-2.15.so
7f7e3785c000-7f7e37860000 r--p 001b4000 08:05 13370023                   /lib/x86_64-linux-gnu/libc-2.15.so
7f7e37860000-7f7e37862000 rw-p 001b8000 08:05 13370023                   /lib/x86_64-linux-gnu/libc-2.15.so
7f7e37862000-7f7e37867000 rw-p 00000000 00:00 0 
7f7e37867000-7f7e37869000 r-xp 00000000 08:05 13369459                   /lib/x86_64-linux-gnu/libdl-2.15.so
7f7e37869000-7f7e37a69000 ---p 00002000 08:05 13369459                   /lib/x86_64-linux-gnu/libdl-2.15.so
7f7e37a69000-7f7e37a6a000 r--p 00002000 08:05 13369459                   /lib/x86_64-linux-gnu/libdl-2.15.so
7f7e37a6a000-7f7e37a6b000 rw-p 00003000 08:05 13369459                   /lib/x86_64-linux-gnu/libdl-2.15.so
7f7e37a6b000-7f7e37a81000 r-xp 00000000 08:05 7867378                    /usr/lib/jvm/java-7-oracle/jre/lib/amd64/jli/libjli.so
7f7e37a81000-7f7e37c81000 ---p 00016000 08:05 7867378                    /usr/lib/jvm/java-7-oracle/jre/lib/amd64/jli/libjli.so
7f7e37c81000-7f7e37c82000 rw-p 00016000 08:05 7867378                    /usr/lib/jvm/java-7-oracle/jre/lib/amd64/jli/libjli.so
7f7e37c82000-7f7e37c9a000 r-xp 00000000 08:05 13369367                   /lib/x86_64-linux-gnu/libpthread-2.15.so
7f7e37c9a000-7f7e37e99000 ---p 00018000 08:05 13369367                   /lib/x86_64-linux-gnu/libpthread-2.15.so
7f7e37e99000-7f7e37e9a000 r--p 00017000 08:05 13369367                   /lib/x86_64-linux-gnu/libpthread-2.15.so
7f7e37e9a000-7f7e37e9b000 rw-p 00018000 08:05 13369367                   /lib/x86_64-linux-gnu/libpthread-2.15.so
7f7e37e9b000-7f7e37e9f000 rw-p 00000000 00:00 0 
7f7e37e9f000-7f7e37ec1000 r-xp 00000000 08:05 13369449                   /lib/x86_64-linux-gnu/ld-2.15.so
7f7e37ede000-7f7e37ee8000 rw-p 00000000 00:00 0 
7f7e37ee8000-7f7e37f9e000 rw-p 00000000 00:00 0 
7f7e37f9e000-7f7e37fa1000 ---p 00000000 00:00 0 
7f7e37fa1000-7f7e380a3000 rw-p 00000000 00:00 0                          [stack:3721]
7f7e380b5000-7f7e380bd000 rw-s 00000000 08:05 10354730                   /tmp/hsperfdata_lilit/3719
7f7e380bd000-7f7e380be000 rw-p 00000000 00:00 0 
7f7e380be000-7f7e380bf000 r--p 00000000 00:00 0 
7f7e380bf000-7f7e380c1000 rw-p 00000000 00:00 0 
7f7e380c1000-7f7e380c2000 r--p 00022000 08:05 13369449                   /lib/x86_64-linux-gnu/ld-2.15.so
7f7e380c2000-7f7e380c4000 rw-p 00023000 08:05 13369449                   /lib/x86_64-linux-gnu/ld-2.15.so
7fff71d8b000-7fff71dac000 rw-p 00000000 00:00 0                          [stack]
7fff71dff000-7fff71e00000 r-xp 00000000 00:00 0                          [vdso]
ffffffffff600000-ffffffffff601000 r-xp 00000000 00:00 0                  [vsyscall]

VM Arguments:
jvm_args: -Dfile.encoding=UTF-8 -Xbootclasspath:/home/lilit/Desktop/adt-bundle-linux-x86_64-20130917/sdk/platforms/android-18/android.jar 
java_command: com.exam.chat.ChatHelper
Launcher Type: SUN_STANDARD

Environment Variables:
JAVA_HOME=/usr/local/java/jdk1.7.0_25
PATH=/home/lilit/bin:/usr/lib/lightdm/lightdm:/usr/local/sbin:/usr/local/bin:/usr/sbin:/usr/bin:/sbin:/bin:/usr/games:/usr/local/games:/home/lilit/bin:/usr/local/java/jdk1.7.0_25/bin
SHELL=/bin/bash
DISPLAY=:0.0

Signal Handlers:
SIGSEGV: [libjvm.so+0x992d50], sa_mask[0]=0x7ffbfeff, sa_flags=0x10000004
SIGBUS: [libjvm.so+0x992d50], sa_mask[0]=0x7ffbfeff, sa_flags=0x10000004
SIGFPE: [libjvm.so+0x80fb00], sa_mask[0]=0x7ffbfeff, sa_flags=0x10000004
SIGPIPE: [libjvm.so+0x80fb00], sa_mask[0]=0x7ffbfeff, sa_flags=0x10000004
SIGXFSZ: [libjvm.so+0x80fb00], sa_mask[0]=0x7ffbfeff, sa_flags=0x10000004
SIGILL: [libjvm.so+0x80fb00], sa_mask[0]=0x7ffbfeff, sa_flags=0x10000004
SIGUSR1: SIG_DFL, sa_mask[0]=0x00000000, sa_flags=0x00000000
SIGUSR2: [libjvm.so+0x810ff0], sa_mask[0]=0x00000004, sa_flags=0x10000004
SIGHUP: SIG_DFL, sa_mask[0]=0x00000000, sa_flags=0x00000000
SIGINT: SIG_DFL, sa_mask[0]=0x00000000, sa_flags=0x00000000
SIGTERM: SIG_DFL, sa_mask[0]=0x00000000, sa_flags=0x00000000
SIGQUIT: SIG_DFL, sa_mask[0]=0x00000000, sa_flags=0x00000000


---------------  S Y S T E M  ---------------

OS:wheezy/sid

uname:Linux 3.5.0-17-generic #28-Ubuntu SMP Tue Oct 9 19:31:23 UTC 2012 x86_64
libc:glibc 2.15 NPTL 2.15 
rlimit: STACK 8192k, CORE 0k, NPROC 46183, NOFILE 4096, AS infinity
load average:0.64 0.31 0.29

/proc/meminfo:
MemTotal:        5929848 kB
MemFree:         3479596 kB
Buffers:           90064 kB
Cached:           912248 kB
SwapCached:            0 kB
Active:          1488552 kB
Inactive:         737376 kB
Active(anon):    1232008 kB
Inactive(anon):   199596 kB
Active(file):     256544 kB
Inactive(file):   537780 kB
Unevictable:       31424 kB
Mlocked:           31424 kB
SwapTotal:       6103036 kB
SwapFree:        6103036 kB
Dirty:              8908 kB
Writeback:             0 kB
AnonPages:       1255160 kB
Mapped:           192824 kB
Shmem:            202152 kB
Slab:              77568 kB
SReclaimable:      49240 kB
SUnreclaim:        28328 kB
KernelStack:        4000 kB
PageTables:        33936 kB
NFS_Unstable:          0 kB
Bounce:                0 kB
WritebackTmp:          0 kB
CommitLimit:     9067960 kB
Committed_AS:    4497688 kB
VmallocTotal:   34359738367 kB
VmallocUsed:      368532 kB
VmallocChunk:   34359365796 kB
HardwareCorrupted:     0 kB
AnonHugePages:         0 kB
HugePages_Total:       0
HugePages_Free:        0
HugePages_Rsvd:        0
HugePages_Surp:        0
Hugepagesize:       2048 kB
DirectMap4k:       55296 kB
DirectMap2M:     5029888 kB


CPU:total 4 (2 cores per cpu, 2 threads per core) family 6 model 58 stepping 9, cmov, cx8, fxsr, mmx, sse, sse2, sse3, ssse3, sse4.1, sse4.2, popcnt, avx, erms, ht, tsc, tscinvbit, tscinv

/proc/cpuinfo:
processor	: 0
vendor_id	: GenuineIntel
cpu family	: 6
model		: 58
model name	: Intel(R) Core(TM) i3-3120M CPU @ 2.50GHz
stepping	: 9
microcode	: 0x15
cpu MHz		: 2500.000
cache size	: 3072 KB
physical id	: 0
siblings	: 4
core id		: 0
cpu cores	: 2
apicid		: 0
initial apicid	: 0
fpu		: yes
fpu_exception	: yes
cpuid level	: 13
wp		: yes
flags		: fpu vme de pse tsc msr pae mce cx8 apic sep mtrr pge mca cmov pat pse36 clflush dts acpi mmx fxsr sse sse2 ss ht tm pbe syscall nx rdtscp lm constant_tsc arch_perfmon pebs bts rep_good nopl xtopology nonstop_tsc aperfmperf pni pclmulqdq dtes64 monitor ds_cpl vmx est tm2 ssse3 cx16 xtpr pdcm pcid sse4_1 sse4_2 x2apic popcnt tsc_deadline_timer xsave avx f16c lahf_lm arat epb xsaveopt pln pts dtherm tpr_shadow vnmi flexpriority ept vpid fsgsbase smep erms
bogomips	: 4988.75
clflush size	: 64
cache_alignment	: 64
address sizes	: 36 bits physical, 48 bits virtual
power management:

processor	: 1
vendor_id	: GenuineIntel
cpu family	: 6
model		: 58
model name	: Intel(R) Core(TM) i3-3120M CPU @ 2.50GHz
stepping	: 9
microcode	: 0x15
cpu MHz		: 2500.000
cache size	: 3072 KB
physical id	: 0
siblings	: 4
core id		: 0
cpu cores	: 2
apicid		: 1
initial apicid	: 1
fpu		: yes
fpu_exception	: yes
cpuid level	: 13
wp		: yes
flags		: fpu vme de pse tsc msr pae mce cx8 apic sep mtrr pge mca cmov pat pse36 clflush dts acpi mmx fxsr sse sse2 ss ht tm pbe syscall nx rdtscp lm constant_tsc arch_perfmon pebs bts rep_good nopl xtopology nonstop_tsc aperfmperf pni pclmulqdq dtes64 monitor ds_cpl vmx est tm2 ssse3 cx16 xtpr pdcm pcid sse4_1 sse4_2 x2apic popcnt tsc_deadline_timer xsave avx f16c lahf_lm arat epb xsaveopt pln pts dtherm tpr_shadow vnmi flexpriority ept vpid fsgsbase smep erms
bogomips	: 4988.75
clflush size	: 64
cache_alignment	: 64
address sizes	: 36 bits physical, 48 bits virtual
power management:

processor	: 2
vendor_id	: GenuineIntel
cpu family	: 6
model		: 58
model name	: Intel(R) Core(TM) i3-3120M CPU @ 2.50GHz
stepping	: 9
microcode	: 0x15
cpu MHz		: 2500.000
cache size	: 3072 KB
physical id	: 0
siblings	: 4
core id		: 1
cpu cores	: 2
apicid		: 2
initial apicid	: 2
fpu		: yes
fpu_exception	: yes
cpuid level	: 13
wp		: yes
flags		: fpu vme de pse tsc msr pae mce cx8 apic sep mtrr pge mca cmov pat pse36 clflush dts acpi mmx fxsr sse sse2 ss ht tm pbe syscall nx rdtscp lm constant_tsc arch_perfmon pebs bts rep_good nopl xtopology nonstop_tsc aperfmperf pni pclmulqdq dtes64 monitor ds_cpl vmx est tm2 ssse3 cx16 xtpr pdcm pcid sse4_1 sse4_2 x2apic popcnt tsc_deadline_timer xsave avx f16c lahf_lm arat epb xsaveopt pln pts dtherm tpr_shadow vnmi flexpriority ept vpid fsgsbase smep erms
bogomips	: 4988.75
clflush size	: 64
cache_alignment	: 64
address sizes	: 36 bits physical, 48 bits virtual
power management:

processor	: 3
vendor_id	: GenuineIntel
cpu family	: 6
model		: 58
model name	: Intel(R) Core(TM) i3-3120M CPU @ 2.50GHz
stepping	: 9
microcode	: 0x15
cpu MHz		: 2000.000
cache size	: 3072 KB
physical id	: 0
siblings	: 4
core id		: 1
cpu cores	: 2
apicid		: 3
initial apicid	: 3
fpu		: yes
fpu_exception	: yes
cpuid level	: 13
wp		: yes
flags		: fpu vme de pse tsc msr pae mce cx8 apic sep mtrr pge mca cmov pat pse36 clflush dts acpi mmx fxsr sse sse2 ss ht tm pbe syscall nx rdtscp lm constant_tsc arch_perfmon pebs bts rep_good nopl xtopology nonstop_tsc aperfmperf pni pclmulqdq dtes64 monitor ds_cpl vmx est tm2 ssse3 cx16 xtpr pdcm pcid sse4_1 sse4_2 x2apic popcnt tsc_deadline_timer xsave avx f16c lahf_lm arat epb xsaveopt pln pts dtherm tpr_shadow vnmi flexpriority ept vpid fsgsbase smep erms
bogomips	: 4988.75
clflush size	: 64
cache_alignment	: 64
address sizes	: 36 bits physical, 48 bits virtual
power management:



Memory: 4k page, physical 5929848k(3479596k free), swap 6103036k(6103036k free)

vm_info: Java HotSpot(TM) 64-Bit Server VM (24.0-b56) for linux-amd64 JRE (1.7.0_40-b43), built on Aug 26 2013 23:53:33 by "java_re" with gcc 4.3.0 20080428 (Red Hat 4.3.0-8)

time: Thu Dec  5 17:52:25 2013
elapsed time: 0 seconds

