#
# A fatal error has been detected by the Java Runtime Environment:
#
#  Internal Error (javaClasses.cpp:136), pid=3674, tid=139831721584384
#  fatal error: Invalid layout of preloaded class
#
# JRE version:  (7.0_40-b43) (build )
# Java VM: Java HotSpot(TM) 64-Bit Server VM (24.0-b56 mixed mode linux-amd64 compressed oops)
# Failed to write core dump. Core dumps have been disabled. To enable core dumping, try "ulimit -c unlimited" before starting Java again
#
# If you would like to submit a bug report, please visit:
#   http://bugreport.sun.com/bugreport/crash.jsp
#

---------------  T H R E A D  ---------------

Current thread (0x00007f2d1400a000):  JavaThread "Unknown thread" [_thread_in_vm, id=3679, stack(0x00007f2d1c07e000,0x00007f2d1c17f000)]

Stack: [0x00007f2d1c07e000,0x00007f2d1c17f000],  sp=0x00007f2d1c17d7c0,  free space=1021k
Native frames: (J=compiled Java code, j=interpreted, Vv=VM code, C=native code)
V  [libjvm.so+0x99242a]  VMError::report_and_die()+0x2ea
V  [libjvm.so+0x493529]  report_fatal(char const*, int, char const*)+0x59
V  [libjvm.so+0x5fdc80]  compute_offset(int&, klassOopDesc*, Symbol*, Symbol*, bool)+0x140
V  [libjvm.so+0x5fe799]  java_lang_String::compute_offsets()+0x39
V  [libjvm.so+0x9186f5]  SystemDictionary::initialize_preloaded_classes(Thread*)+0x1a5
V  [libjvm.so+0x967434]  Universe::genesis(Thread*)+0x494
V  [libjvm.so+0x9678e9]  universe2_init()+0x29
V  [libjvm.so+0x5a961d]  init_globals()+0xbd
V  [libjvm.so+0x94e4bd]  Threads::create_vm(JavaVMInitArgs*, bool*)+0x1ed
V  [libjvm.so+0x630004]  JNI_CreateJavaVM+0x74
C  [libjli.so+0x2f8e]  JavaMain+0x9e


---------------  P R O C E S S  ---------------

Java Threads: ( => current thread )

Other Threads:

=>0x00007f2d1400a000 (exited) JavaThread "Unknown thread" [_thread_in_vm, id=3679, stack(0x00007f2d1c07e000,0x00007f2d1c17f000)]

VM state:not at safepoint (not fully initialized)

VM Mutex/Monitor currently owned by a thread: None

GC Heap History (0 events):
No events

Deoptimization events (0 events):
No events

Internal exceptions (0 events):
No events

Events (10 events):
Event: 0.006 loading class 0x00007f2d186e26f0 done
Event: 0.006 loading class 0x00007f2d186e2110 done
Event: 0.006 loading class 0x00007f2d186e20f0
Event: 0.006 loading class 0x00007f2d186ea1f0
Event: 0.006 loading class 0x00007f2d186ea1f0 done
Event: 0.006 loading class 0x00007f2d186ea220
Event: 0.006 loading class 0x00007f2d186ea220 done
Event: 0.006 loading class 0x00007f2d186ea250
Event: 0.006 loading class 0x00007f2d186ea250 done
Event: 0.006 loading class 0x00007f2d186e20f0 done


Dynamic libraries:
00400000-00401000 r-xp 00000000 08:05 5904068                            /usr/lib/jvm/java-7-oracle/bin/java
00600000-00601000 rw-p 00000000 08:05 5904068                            /usr/lib/jvm/java-7-oracle/bin/java
0121a000-0123b000 rw-p 00000000 00:00 0                                  [heap]
a0600000-a1b00000 rw-p 00000000 00:00 0 
a1b00000-a5800000 rw-p 00000000 00:00 0 
a5800000-a9400000 rw-p 00000000 00:00 0 
a9400000-e1d00000 rw-p 00000000 00:00 0 
e1d00000-e3b80000 rw-p 00000000 00:00 0 
e3b80000-100000000 rw-p 00000000 00:00 0 
7f2cf4000000-7f2cf4021000 rw-p 00000000 00:00 0 
7f2cf4021000-7f2cf8000000 ---p 00000000 00:00 0 
7f2cfc000000-7f2cfc021000 rw-p 00000000 00:00 0 
7f2cfc021000-7f2d00000000 ---p 00000000 00:00 0 
7f2d04000000-7f2d04021000 rw-p 00000000 00:00 0 
7f2d04021000-7f2d08000000 ---p 00000000 00:00 0 
7f2d09030000-7f2d0c000000 rw-p 00000000 00:00 0 
7f2d0c000000-7f2d0c021000 rw-p 00000000 00:00 0 
7f2d0c021000-7f2d10000000 ---p 00000000 00:00 0 
7f2d11000000-7f2d11270000 rwxp 00000000 00:00 0 
7f2d11270000-7f2d14054000 rw-p 00000000 00:00 0 
7f2d14054000-7f2d18000000 ---p 00000000 00:00 0 
7f2d18336000-7f2d185a2000 rw-p 00000000 00:00 0 
7f2d185a2000-7f2d1866c000 r--s 011ad000 08:05 4333393                    /home/lilit/Desktop/adt-bundle-linux-x86_64-20130917/sdk/platforms/android-18/android.jar
7f2d1866c000-7f2d18a80000 rw-p 00000000 00:00 0 
7f2d18a80000-7f2d18a81000 ---p 00000000 00:00 0 
7f2d18a81000-7f2d18b81000 rw-p 00000000 00:00 0                          [stack:3683]
7f2d18b81000-7f2d18b82000 ---p 00000000 00:00 0 
7f2d18b82000-7f2d18c82000 rw-p 00000000 00:00 0                          [stack:3682]
7f2d18c82000-7f2d18c83000 ---p 00000000 00:00 0 
7f2d18c83000-7f2d18d83000 rw-p 00000000 00:00 0                          [stack:3681]
7f2d18d83000-7f2d18d84000 ---p 00000000 00:00 0 
7f2d18d84000-7f2d18e8f000 rw-p 00000000 00:00 0                          [stack:3680]
7f2d18e8f000-7f2d18ead000 rw-p 00000000 00:00 0 
7f2d18ead000-7f2d18ecb000 rw-p 00000000 00:00 0 
7f2d18ecb000-7f2d19090000 rw-p 00000000 00:00 0 
7f2d19090000-7f2d1909b000 rw-p 00000000 00:00 0 
7f2d1909b000-7f2d190b9000 rw-p 00000000 00:00 0 
7f2d190b9000-7f2d190d7000 rw-p 00000000 00:00 0 
7f2d190d7000-7f2d1929b000 rw-p 00000000 00:00 0 
7f2d1929b000-7f2d192ab000 rw-p 00000000 00:00 0 
7f2d192ab000-7f2d1938d000 rw-p 00000000 00:00 0 
7f2d1938d000-7f2d1938e000 rw-p 00000000 00:00 0 
7f2d1938e000-7f2d193a8000 r-xp 00000000 08:05 7867408                    /usr/lib/jvm/java-7-oracle/jre/lib/amd64/libzip.so
7f2d193a8000-7f2d195a8000 ---p 0001a000 08:05 7867408                    /usr/lib/jvm/java-7-oracle/jre/lib/amd64/libzip.so
7f2d195a8000-7f2d195a9000 rw-p 0001a000 08:05 7867408                    /usr/lib/jvm/java-7-oracle/jre/lib/amd64/libzip.so
7f2d195a9000-7f2d195b5000 r-xp 00000000 08:05 13369446                   /lib/x86_64-linux-gnu/libnss_files-2.15.so
7f2d195b5000-7f2d197b4000 ---p 0000c000 08:05 13369446                   /lib/x86_64-linux-gnu/libnss_files-2.15.so
7f2d197b4000-7f2d197b5000 r--p 0000b000 08:05 13369446                   /lib/x86_64-linux-gnu/libnss_files-2.15.so
7f2d197b5000-7f2d197b6000 rw-p 0000c000 08:05 13369446                   /lib/x86_64-linux-gnu/libnss_files-2.15.so
7f2d197b6000-7f2d197c0000 r-xp 00000000 08:05 13369349                   /lib/x86_64-linux-gnu/libnss_nis-2.15.so
7f2d197c0000-7f2d199c0000 ---p 0000a000 08:05 13369349                   /lib/x86_64-linux-gnu/libnss_nis-2.15.so
7f2d199c0000-7f2d199c1000 r--p 0000a000 08:05 13369349                   /lib/x86_64-linux-gnu/libnss_nis-2.15.so
7f2d199c1000-7f2d199c2000 rw-p 0000b000 08:05 13369349                   /lib/x86_64-linux-gnu/libnss_nis-2.15.so
7f2d199c2000-7f2d199d9000 r-xp 00000000 08:05 13369456                   /lib/x86_64-linux-gnu/libnsl-2.15.so
7f2d199d9000-7f2d19bd8000 ---p 00017000 08:05 13369456                   /lib/x86_64-linux-gnu/libnsl-2.15.so
7f2d19bd8000-7f2d19bd9000 r--p 00016000 08:05 13369456                   /lib/x86_64-linux-gnu/libnsl-2.15.so
7f2d19bd9000-7f2d19bda000 rw-p 00017000 08:05 13369456                   /lib/x86_64-linux-gnu/libnsl-2.15.so
7f2d19bda000-7f2d19bdc000 rw-p 00000000 00:00 0 
7f2d19bdc000-7f2d19be4000 r-xp 00000000 08:05 13369460                   /lib/x86_64-linux-gnu/libnss_compat-2.15.so
7f2d19be4000-7f2d19de3000 ---p 00008000 08:05 13369460                   /lib/x86_64-linux-gnu/libnss_compat-2.15.so
7f2d19de3000-7f2d19de4000 r--p 00007000 08:05 13369460                   /lib/x86_64-linux-gnu/libnss_compat-2.15.so
7f2d19de4000-7f2d19de5000 rw-p 00008000 08:05 13369460                   /lib/x86_64-linux-gnu/libnss_compat-2.15.so
7f2d19de5000-7f2d19e0e000 r-xp 00000000 08:05 7867395                    /usr/lib/jvm/java-7-oracle/jre/lib/amd64/libjava.so
7f2d19e0e000-7f2d1a00e000 ---p 00029000 08:05 7867395                    /usr/lib/jvm/java-7-oracle/jre/lib/amd64/libjava.so
7f2d1a00e000-7f2d1a010000 rw-p 00029000 08:05 7867395                    /usr/lib/jvm/java-7-oracle/jre/lib/amd64/libjava.so
7f2d1a010000-7f2d1a01d000 r-xp 00000000 08:05 7867375                    /usr/lib/jvm/java-7-oracle/jre/lib/amd64/libverify.so
7f2d1a01d000-7f2d1a21c000 ---p 0000d000 08:05 7867375                    /usr/lib/jvm/java-7-oracle/jre/lib/amd64/libverify.so
7f2d1a21c000-7f2d1a21e000 rw-p 0000c000 08:05 7867375                    /usr/lib/jvm/java-7-oracle/jre/lib/amd64/libverify.so
7f2d1a21e000-7f2d1a225000 r-xp 00000000 08:05 13369448                   /lib/x86_64-linux-gnu/librt-2.15.so
7f2d1a225000-7f2d1a424000 ---p 00007000 08:05 13369448                   /lib/x86_64-linux-gnu/librt-2.15.so
7f2d1a424000-7f2d1a425000 r--p 00006000 08:05 13369448                   /lib/x86_64-linux-gnu/librt-2.15.so
7f2d1a425000-7f2d1a426000 rw-p 00007000 08:05 13369448                   /lib/x86_64-linux-gnu/librt-2.15.so
7f2d1a426000-7f2d1a521000 r-xp 00000000 08:05 13369457                   /lib/x86_64-linux-gnu/libm-2.15.so
7f2d1a521000-7f2d1a720000 ---p 000fb000 08:05 13369457                   /lib/x86_64-linux-gnu/libm-2.15.so
7f2d1a720000-7f2d1a721000 r--p 000fa000 08:05 13369457                   /lib/x86_64-linux-gnu/libm-2.15.so
7f2d1a721000-7f2d1a722000 rw-p 000fb000 08:05 13369457                   /lib/x86_64-linux-gnu/libm-2.15.so
7f2d1a722000-7f2d1b284000 r-xp 00000000 08:05 7867360                    /usr/lib/jvm/java-7-oracle/jre/lib/amd64/server/libjvm.so
7f2d1b284000-7f2d1b484000 ---p 00b62000 08:05 7867360                    /usr/lib/jvm/java-7-oracle/jre/lib/amd64/server/libjvm.so
7f2d1b484000-7f2d1b547000 rw-p 00b62000 08:05 7867360                    /usr/lib/jvm/java-7-oracle/jre/lib/amd64/server/libjvm.so
7f2d1b547000-7f2d1b588000 rw-p 00000000 00:00 0 
7f2d1b588000-7f2d1b73d000 r-xp 00000000 08:05 13370023                   /lib/x86_64-linux-gnu/libc-2.15.so
7f2d1b73d000-7f2d1b93c000 ---p 001b5000 08:05 13370023                   /lib/x86_64-linux-gnu/libc-2.15.so
7f2d1b93c000-7f2d1b940000 r--p 001b4000 08:05 13370023                   /lib/x86_64-linux-gnu/libc-2.15.so
7f2d1b940000-7f2d1b942000 rw-p 001b8000 08:05 13370023                   /lib/x86_64-linux-gnu/libc-2.15.so
7f2d1b942000-7f2d1b947000 rw-p 00000000 00:00 0 
7f2d1b947000-7f2d1b949000 r-xp 00000000 08:05 13369459                   /lib/x86_64-linux-gnu/libdl-2.15.so
7f2d1b949000-7f2d1bb49000 ---p 00002000 08:05 13369459                   /lib/x86_64-linux-gnu/libdl-2.15.so
7f2d1bb49000-7f2d1bb4a000 r--p 00002000 08:05 13369459                   /lib/x86_64-linux-gnu/libdl-2.15.so
7f2d1bb4a000-7f2d1bb4b000 rw-p 00003000 08:05 13369459                   /lib/x86_64-linux-gnu/libdl-2.15.so
7f2d1bb4b000-7f2d1bb61000 r-xp 00000000 08:05 7867378                    /usr/lib/jvm/java-7-oracle/jre/lib/amd64/jli/libjli.so
7f2d1bb61000-7f2d1bd61000 ---p 00016000 08:05 7867378                    /usr/lib/jvm/java-7-oracle/jre/lib/amd64/jli/libjli.so
7f2d1bd61000-7f2d1bd62000 rw-p 00016000 08:05 7867378                    /usr/lib/jvm/java-7-oracle/jre/lib/amd64/jli/libjli.so
7f2d1bd62000-7f2d1bd7a000 r-xp 00000000 08:05 13369367                   /lib/x86_64-linux-gnu/libpthread-2.15.so
7f2d1bd7a000-7f2d1bf79000 ---p 00018000 08:05 13369367                   /lib/x86_64-linux-gnu/libpthread-2.15.so
7f2d1bf79000-7f2d1bf7a000 r--p 00017000 08:05 13369367                   /lib/x86_64-linux-gnu/libpthread-2.15.so
7f2d1bf7a000-7f2d1bf7b000 rw-p 00018000 08:05 13369367                   /lib/x86_64-linux-gnu/libpthread-2.15.so
7f2d1bf7b000-7f2d1bf7f000 rw-p 00000000 00:00 0 
7f2d1bf7f000-7f2d1bfa1000 r-xp 00000000 08:05 13369449                   /lib/x86_64-linux-gnu/ld-2.15.so
7f2d1bfbe000-7f2d1bfc8000 rw-p 00000000 00:00 0 
7f2d1bfc8000-7f2d1c07e000 rw-p 00000000 00:00 0 
7f2d1c07e000-7f2d1c081000 ---p 00000000 00:00 0 
7f2d1c081000-7f2d1c183000 rw-p 00000000 00:00 0                          [stack:3679]
7f2d1c195000-7f2d1c19d000 rw-s 00000000 08:05 10354730                   /tmp/hsperfdata_lilit/3674
7f2d1c19d000-7f2d1c19e000 rw-p 00000000 00:00 0 
7f2d1c19e000-7f2d1c19f000 r--p 00000000 00:00 0 
7f2d1c19f000-7f2d1c1a1000 rw-p 00000000 00:00 0 
7f2d1c1a1000-7f2d1c1a2000 r--p 00022000 08:05 13369449                   /lib/x86_64-linux-gnu/ld-2.15.so
7f2d1c1a2000-7f2d1c1a4000 rw-p 00023000 08:05 13369449                   /lib/x86_64-linux-gnu/ld-2.15.so
7fff0ef14000-7fff0ef35000 rw-p 00000000 00:00 0                          [stack]
7fff0ef3d000-7fff0ef3e000 r-xp 00000000 00:00 0                          [vdso]
ffffffffff600000-ffffffffff601000 r-xp 00000000 00:00 0                  [vsyscall]

VM Arguments:
jvm_args: -Dfile.encoding=UTF-8 -Xbootclasspath:/home/lilit/Desktop/adt-bundle-linux-x86_64-20130917/sdk/platforms/android-18/android.jar 
java_command: com.exam.chat.ChatHelper
Launcher Type: SUN_STANDARD

Environment Variables:
JAVA_HOME=/usr/local/java/jdk1.7.0_25
PATH=/home/lilit/bin:/usr/lib/lightdm/lightdm:/usr/local/sbin:/usr/local/bin:/usr/sbin:/usr/bin:/sbin:/bin:/usr/games:/usr/local/games:/home/lilit/bin:/usr/local/java/jdk1.7.0_25/bin
SHELL=/bin/bash
DISPLAY=:0.0

Signal Handlers:
SIGSEGV: [libjvm.so+0x992d50], sa_mask[0]=0x7ffbfeff, sa_flags=0x10000004
SIGBUS: [libjvm.so+0x992d50], sa_mask[0]=0x7ffbfeff, sa_flags=0x10000004
SIGFPE: [libjvm.so+0x80fb00], sa_mask[0]=0x7ffbfeff, sa_flags=0x10000004
SIGPIPE: [libjvm.so+0x80fb00], sa_mask[0]=0x7ffbfeff, sa_flags=0x10000004
SIGXFSZ: [libjvm.so+0x80fb00], sa_mask[0]=0x7ffbfeff, sa_flags=0x10000004
SIGILL: [libjvm.so+0x80fb00], sa_mask[0]=0x7ffbfeff, sa_flags=0x10000004
SIGUSR1: SIG_DFL, sa_mask[0]=0x00000000, sa_flags=0x00000000
SIGUSR2: [libjvm.so+0x810ff0], sa_mask[0]=0x00000004, sa_flags=0x10000004
SIGHUP: SIG_DFL, sa_mask[0]=0x00000000, sa_flags=0x00000000
SIGINT: SIG_DFL, sa_mask[0]=0x00000000, sa_flags=0x00000000
SIGTERM: SIG_DFL, sa_mask[0]=0x00000000, sa_flags=0x00000000
SIGQUIT: SIG_DFL, sa_mask[0]=0x00000000, sa_flags=0x00000000


---------------  S Y S T E M  ---------------

OS:wheezy/sid

uname:Linux 3.5.0-17-generic #28-Ubuntu SMP Tue Oct 9 19:31:23 UTC 2012 x86_64
libc:glibc 2.15 NPTL 2.15 
rlimit: STACK 8192k, CORE 0k, NPROC 46183, NOFILE 4096, AS infinity
load average:0.08 0.16 0.25

/proc/meminfo:
MemTotal:        5929848 kB
MemFree:         3472940 kB
Buffers:           89976 kB
Cached:           923168 kB
SwapCached:            0 kB
Active:          1484756 kB
Inactive:         748200 kB
Active(anon):    1228284 kB
Inactive(anon):   210516 kB
Active(file):     256472 kB
Inactive(file):   537684 kB
Unevictable:       31424 kB
Mlocked:           31424 kB
SwapTotal:       6103036 kB
SwapFree:        6103036 kB
Dirty:               156 kB
Writeback:             0 kB
AnonPages:       1251252 kB
Mapped:           192816 kB
Shmem:            213164 kB
Slab:              77336 kB
SReclaimable:      49080 kB
SUnreclaim:        28256 kB
KernelStack:        4024 kB
PageTables:        34152 kB
NFS_Unstable:          0 kB
Bounce:                0 kB
WritebackTmp:          0 kB
CommitLimit:     9067960 kB
Committed_AS:    4508476 kB
VmallocTotal:   34359738367 kB
VmallocUsed:      368544 kB
VmallocChunk:   34359365460 kB
HardwareCorrupted:     0 kB
AnonHugePages:         0 kB
HugePages_Total:       0
HugePages_Free:        0
HugePages_Rsvd:        0
HugePages_Surp:        0
Hugepagesize:       2048 kB
DirectMap4k:       55296 kB
DirectMap2M:     5029888 kB


CPU:total 4 (2 cores per cpu, 2 threads per core) family 6 model 58 stepping 9, cmov, cx8, fxsr, mmx, sse, sse2, sse3, ssse3, sse4.1, sse4.2, popcnt, avx, erms, ht, tsc, tscinvbit, tscinv

/proc/cpuinfo:
processor	: 0
vendor_id	: GenuineIntel
cpu family	: 6
model		: 58
model name	: Intel(R) Core(TM) i3-3120M CPU @ 2.50GHz
stepping	: 9
microcode	: 0x15
cpu MHz		: 2500.000
cache size	: 3072 KB
physical id	: 0
siblings	: 4
core id		: 0
cpu cores	: 2
apicid		: 0
initial apicid	: 0
fpu		: yes
fpu_exception	: yes
cpuid level	: 13
wp		: yes
flags		: fpu vme de pse tsc msr pae mce cx8 apic sep mtrr pge mca cmov pat pse36 clflush dts acpi mmx fxsr sse sse2 ss ht tm pbe syscall nx rdtscp lm constant_tsc arch_perfmon pebs bts rep_good nopl xtopology nonstop_tsc aperfmperf pni pclmulqdq dtes64 monitor ds_cpl vmx est tm2 ssse3 cx16 xtpr pdcm pcid sse4_1 sse4_2 x2apic popcnt tsc_deadline_timer xsave avx f16c lahf_lm arat epb xsaveopt pln pts dtherm tpr_shadow vnmi flexpriority ept vpid fsgsbase smep erms
bogomips	: 4988.75
clflush size	: 64
cache_alignment	: 64
address sizes	: 36 bits physical, 48 bits virtual
power management:

processor	: 1
vendor_id	: GenuineIntel
cpu family	: 6
model		: 58
model name	: Intel(R) Core(TM) i3-3120M CPU @ 2.50GHz
stepping	: 9
microcode	: 0x15
cpu MHz		: 2500.000
cache size	: 3072 KB
physical id	: 0
siblings	: 4
core id		: 0
cpu cores	: 2
apicid		: 1
initial apicid	: 1
fpu		: yes
fpu_exception	: yes
cpuid level	: 13
wp		: yes
flags		: fpu vme de pse tsc msr pae mce cx8 apic sep mtrr pge mca cmov pat pse36 clflush dts acpi mmx fxsr sse sse2 ss ht tm pbe syscall nx rdtscp lm constant_tsc arch_perfmon pebs bts rep_good nopl xtopology nonstop_tsc aperfmperf pni pclmulqdq dtes64 monitor ds_cpl vmx est tm2 ssse3 cx16 xtpr pdcm pcid sse4_1 sse4_2 x2apic popcnt tsc_deadline_timer xsave avx f16c lahf_lm arat epb xsaveopt pln pts dtherm tpr_shadow vnmi flexpriority ept vpid fsgsbase smep erms
bogomips	: 4988.75
clflush size	: 64
cache_alignment	: 64
address sizes	: 36 bits physical, 48 bits virtual
power management:

processor	: 2
vendor_id	: GenuineIntel
cpu family	: 6
model		: 58
model name	: Intel(R) Core(TM) i3-3120M CPU @ 2.50GHz
stepping	: 9
microcode	: 0x15
cpu MHz		: 1200.000
cache size	: 3072 KB
physical id	: 0
siblings	: 4
core id		: 1
cpu cores	: 2
apicid		: 2
initial apicid	: 2
fpu		: yes
fpu_exception	: yes
cpuid level	: 13
wp		: yes
flags		: fpu vme de pse tsc msr pae mce cx8 apic sep mtrr pge mca cmov pat pse36 clflush dts acpi mmx fxsr sse sse2 ss ht tm pbe syscall nx rdtscp lm constant_tsc arch_perfmon pebs bts rep_good nopl xtopology nonstop_tsc aperfmperf pni pclmulqdq dtes64 monitor ds_cpl vmx est tm2 ssse3 cx16 xtpr pdcm pcid sse4_1 sse4_2 x2apic popcnt tsc_deadline_timer xsave avx f16c lahf_lm arat epb xsaveopt pln pts dtherm tpr_shadow vnmi flexpriority ept vpid fsgsbase smep erms
bogomips	: 4988.75
clflush size	: 64
cache_alignment	: 64
address sizes	: 36 bits physical, 48 bits virtual
power management:

processor	: 3
vendor_id	: GenuineIntel
cpu family	: 6
model		: 58
model name	: Intel(R) Core(TM) i3-3120M CPU @ 2.50GHz
stepping	: 9
microcode	: 0x15
cpu MHz		: 1200.000
cache size	: 3072 KB
physical id	: 0
siblings	: 4
core id		: 1
cpu cores	: 2
apicid		: 3
initial apicid	: 3
fpu		: yes
fpu_exception	: yes
cpuid level	: 13
wp		: yes
flags		: fpu vme de pse tsc msr pae mce cx8 apic sep mtrr pge mca cmov pat pse36 clflush dts acpi mmx fxsr sse sse2 ss ht tm pbe syscall nx rdtscp lm constant_tsc arch_perfmon pebs bts rep_good nopl xtopology nonstop_tsc aperfmperf pni pclmulqdq dtes64 monitor ds_cpl vmx est tm2 ssse3 cx16 xtpr pdcm pcid sse4_1 sse4_2 x2apic popcnt tsc_deadline_timer xsave avx f16c lahf_lm arat epb xsaveopt pln pts dtherm tpr_shadow vnmi flexpriority ept vpid fsgsbase smep erms
bogomips	: 4988.75
clflush size	: 64
cache_alignment	: 64
address sizes	: 36 bits physical, 48 bits virtual
power management:



Memory: 4k page, physical 5929848k(3472940k free), swap 6103036k(6103036k free)

vm_info: Java HotSpot(TM) 64-Bit Server VM (24.0-b56) for linux-amd64 JRE (1.7.0_40-b43), built on Aug 26 2013 23:53:33 by "java_re" with gcc 4.3.0 20080428 (Red Hat 4.3.0-8)

time: Thu Dec  5 17:51:16 2013
elapsed time: 0 seconds

