#
# A fatal error has been detected by the Java Runtime Environment:
#
#  Internal Error (javaClasses.cpp:136), pid=3336, tid=139685251725056
#  fatal error: Invalid layout of preloaded class
#
# JRE version:  (7.0_40-b43) (build )
# Java VM: Java HotSpot(TM) 64-Bit Server VM (24.0-b56 mixed mode linux-amd64 compressed oops)
# Failed to write core dump. Core dumps have been disabled. To enable core dumping, try "ulimit -c unlimited" before starting Java again
#
# If you would like to submit a bug report, please visit:
#   http://bugreport.sun.com/bugreport/crash.jsp
#

---------------  T H R E A D  ---------------

Current thread (0x00007f0af800a000):  JavaThread "Unknown thread" [_thread_in_vm, id=3338, stack(0x00007f0b01bf3000,0x00007f0b01cf4000)]

Stack: [0x00007f0b01bf3000,0x00007f0b01cf4000],  sp=0x00007f0b01cf27c0,  free space=1021k
Native frames: (J=compiled Java code, j=interpreted, Vv=VM code, C=native code)
V  [libjvm.so+0x99242a]  VMError::report_and_die()+0x2ea
V  [libjvm.so+0x493529]  report_fatal(char const*, int, char const*)+0x59
V  [libjvm.so+0x5fdc80]  compute_offset(int&, klassOopDesc*, Symbol*, Symbol*, bool)+0x140
V  [libjvm.so+0x5fe799]  java_lang_String::compute_offsets()+0x39
V  [libjvm.so+0x9186f5]  SystemDictionary::initialize_preloaded_classes(Thread*)+0x1a5
V  [libjvm.so+0x967434]  Universe::genesis(Thread*)+0x494
V  [libjvm.so+0x9678e9]  universe2_init()+0x29
V  [libjvm.so+0x5a961d]  init_globals()+0xbd
V  [libjvm.so+0x94e4bd]  Threads::create_vm(JavaVMInitArgs*, bool*)+0x1ed
V  [libjvm.so+0x630004]  JNI_CreateJavaVM+0x74
C  [libjli.so+0x2f8e]  JavaMain+0x9e


---------------  P R O C E S S  ---------------

Java Threads: ( => current thread )

Other Threads:

=>0x00007f0af800a000 (exited) JavaThread "Unknown thread" [_thread_in_vm, id=3338, stack(0x00007f0b01bf3000,0x00007f0b01cf4000)]

VM state:not at safepoint (not fully initialized)

VM Mutex/Monitor currently owned by a thread: None

GC Heap History (0 events):
No events

Deoptimization events (0 events):
No events

Internal exceptions (0 events):
No events

Events (10 events):
Event: 0.008 loading class 0x00007f0afe2576f0 done
Event: 0.008 loading class 0x00007f0afe257110 done
Event: 0.008 loading class 0x00007f0afe2570f0
Event: 0.009 loading class 0x00007f0afe25f1f0
Event: 0.009 loading class 0x00007f0afe25f1f0 done
Event: 0.009 loading class 0x00007f0afe25f220
Event: 0.009 loading class 0x00007f0afe25f220 done
Event: 0.009 loading class 0x00007f0afe25f250
Event: 0.009 loading class 0x00007f0afe25f250 done
Event: 0.009 loading class 0x00007f0afe2570f0 done


Dynamic libraries:
00400000-00401000 r-xp 00000000 08:05 5904068                            /usr/lib/jvm/java-7-oracle/bin/java
00600000-00601000 rw-p 00000000 08:05 5904068                            /usr/lib/jvm/java-7-oracle/bin/java
0180d000-0182e000 rw-p 00000000 00:00 0                                  [heap]
a0600000-a1b00000 rw-p 00000000 00:00 0 
a1b00000-a5800000 rw-p 00000000 00:00 0 
a5800000-a9400000 rw-p 00000000 00:00 0 
a9400000-e1d00000 rw-p 00000000 00:00 0 
e1d00000-e3b80000 rw-p 00000000 00:00 0 
e3b80000-100000000 rw-p 00000000 00:00 0 
7f0adc000000-7f0adc021000 rw-p 00000000 00:00 0 
7f0adc021000-7f0ae0000000 ---p 00000000 00:00 0 
7f0ae4000000-7f0ae4021000 rw-p 00000000 00:00 0 
7f0ae4021000-7f0ae8000000 ---p 00000000 00:00 0 
7f0ae8000000-7f0ae8021000 rw-p 00000000 00:00 0 
7f0ae8021000-7f0aec000000 ---p 00000000 00:00 0 
7f0aec000000-7f0aec021000 rw-p 00000000 00:00 0 
7f0aec021000-7f0af0000000 ---p 00000000 00:00 0 
7f0af2030000-7f0af5000000 rw-p 00000000 00:00 0 
7f0af5000000-7f0af5270000 rwxp 00000000 00:00 0 
7f0af5270000-7f0af8054000 rw-p 00000000 00:00 0 
7f0af8054000-7f0afc000000 ---p 00000000 00:00 0 
7f0afdead000-7f0afe117000 rw-p 00000000 00:00 0 
7f0afe117000-7f0afe1e1000 r--s 011ad000 08:05 4333393                    /home/lilit/Desktop/adt-bundle-linux-x86_64-20130917/sdk/platforms/android-18/android.jar
7f0afe1e1000-7f0afe5f5000 rw-p 00000000 00:00 0 
7f0afe5f5000-7f0afe5f6000 ---p 00000000 00:00 0 
7f0afe5f6000-7f0afe6f6000 rw-p 00000000 00:00 0                          [stack:3343]
7f0afe6f6000-7f0afe6f7000 ---p 00000000 00:00 0 
7f0afe6f7000-7f0afe7f7000 rw-p 00000000 00:00 0                          [stack:3342]
7f0afe7f7000-7f0afe7f8000 ---p 00000000 00:00 0 
7f0afe7f8000-7f0afe8f8000 rw-p 00000000 00:00 0                          [stack:3341]
7f0afe8f8000-7f0afe8f9000 ---p 00000000 00:00 0 
7f0afe8f9000-7f0afea04000 rw-p 00000000 00:00 0                          [stack:3340]
7f0afea04000-7f0afea22000 rw-p 00000000 00:00 0 
7f0afea22000-7f0afea40000 rw-p 00000000 00:00 0 
7f0afea40000-7f0afec05000 rw-p 00000000 00:00 0 
7f0afec05000-7f0afec10000 rw-p 00000000 00:00 0 
7f0afec10000-7f0afec2e000 rw-p 00000000 00:00 0 
7f0afec2e000-7f0afec4c000 rw-p 00000000 00:00 0 
7f0afec4c000-7f0afee10000 rw-p 00000000 00:00 0 
7f0afee10000-7f0afee20000 rw-p 00000000 00:00 0 
7f0afee20000-7f0afef02000 rw-p 00000000 00:00 0 
7f0afef02000-7f0afef03000 rw-p 00000000 00:00 0 
7f0afef03000-7f0afef1d000 r-xp 00000000 08:05 7867408                    /usr/lib/jvm/java-7-oracle/jre/lib/amd64/libzip.so
7f0afef1d000-7f0aff11d000 ---p 0001a000 08:05 7867408                    /usr/lib/jvm/java-7-oracle/jre/lib/amd64/libzip.so
7f0aff11d000-7f0aff11e000 rw-p 0001a000 08:05 7867408                    /usr/lib/jvm/java-7-oracle/jre/lib/amd64/libzip.so
7f0aff11e000-7f0aff12a000 r-xp 00000000 08:05 13369446                   /lib/x86_64-linux-gnu/libnss_files-2.15.so
7f0aff12a000-7f0aff329000 ---p 0000c000 08:05 13369446                   /lib/x86_64-linux-gnu/libnss_files-2.15.so
7f0aff329000-7f0aff32a000 r--p 0000b000 08:05 13369446                   /lib/x86_64-linux-gnu/libnss_files-2.15.so
7f0aff32a000-7f0aff32b000 rw-p 0000c000 08:05 13369446                   /lib/x86_64-linux-gnu/libnss_files-2.15.so
7f0aff32b000-7f0aff335000 r-xp 00000000 08:05 13369349                   /lib/x86_64-linux-gnu/libnss_nis-2.15.so
7f0aff335000-7f0aff535000 ---p 0000a000 08:05 13369349                   /lib/x86_64-linux-gnu/libnss_nis-2.15.so
7f0aff535000-7f0aff536000 r--p 0000a000 08:05 13369349                   /lib/x86_64-linux-gnu/libnss_nis-2.15.so
7f0aff536000-7f0aff537000 rw-p 0000b000 08:05 13369349                   /lib/x86_64-linux-gnu/libnss_nis-2.15.so
7f0aff537000-7f0aff54e000 r-xp 00000000 08:05 13369456                   /lib/x86_64-linux-gnu/libnsl-2.15.so
7f0aff54e000-7f0aff74d000 ---p 00017000 08:05 13369456                   /lib/x86_64-linux-gnu/libnsl-2.15.so
7f0aff74d000-7f0aff74e000 r--p 00016000 08:05 13369456                   /lib/x86_64-linux-gnu/libnsl-2.15.so
7f0aff74e000-7f0aff74f000 rw-p 00017000 08:05 13369456                   /lib/x86_64-linux-gnu/libnsl-2.15.so
7f0aff74f000-7f0aff751000 rw-p 00000000 00:00 0 
7f0aff751000-7f0aff759000 r-xp 00000000 08:05 13369460                   /lib/x86_64-linux-gnu/libnss_compat-2.15.so
7f0aff759000-7f0aff958000 ---p 00008000 08:05 13369460                   /lib/x86_64-linux-gnu/libnss_compat-2.15.so
7f0aff958000-7f0aff959000 r--p 00007000 08:05 13369460                   /lib/x86_64-linux-gnu/libnss_compat-2.15.so
7f0aff959000-7f0aff95a000 rw-p 00008000 08:05 13369460                   /lib/x86_64-linux-gnu/libnss_compat-2.15.so
7f0aff95a000-7f0aff983000 r-xp 00000000 08:05 7867395                    /usr/lib/jvm/java-7-oracle/jre/lib/amd64/libjava.so
7f0aff983000-7f0affb83000 ---p 00029000 08:05 7867395                    /usr/lib/jvm/java-7-oracle/jre/lib/amd64/libjava.so
7f0affb83000-7f0affb85000 rw-p 00029000 08:05 7867395                    /usr/lib/jvm/java-7-oracle/jre/lib/amd64/libjava.so
7f0affb85000-7f0affb92000 r-xp 00000000 08:05 7867375                    /usr/lib/jvm/java-7-oracle/jre/lib/amd64/libverify.so
7f0affb92000-7f0affd91000 ---p 0000d000 08:05 7867375                    /usr/lib/jvm/java-7-oracle/jre/lib/amd64/libverify.so
7f0affd91000-7f0affd93000 rw-p 0000c000 08:05 7867375                    /usr/lib/jvm/java-7-oracle/jre/lib/amd64/libverify.so
7f0affd93000-7f0affd9a000 r-xp 00000000 08:05 13369448                   /lib/x86_64-linux-gnu/librt-2.15.so
7f0affd9a000-7f0afff99000 ---p 00007000 08:05 13369448                   /lib/x86_64-linux-gnu/librt-2.15.so
7f0afff99000-7f0afff9a000 r--p 00006000 08:05 13369448                   /lib/x86_64-linux-gnu/librt-2.15.so
7f0afff9a000-7f0afff9b000 rw-p 00007000 08:05 13369448                   /lib/x86_64-linux-gnu/librt-2.15.so
7f0afff9b000-7f0b00096000 r-xp 00000000 08:05 13369457                   /lib/x86_64-linux-gnu/libm-2.15.so
7f0b00096000-7f0b00295000 ---p 000fb000 08:05 13369457                   /lib/x86_64-linux-gnu/libm-2.15.so
7f0b00295000-7f0b00296000 r--p 000fa000 08:05 13369457                   /lib/x86_64-linux-gnu/libm-2.15.so
7f0b00296000-7f0b00297000 rw-p 000fb000 08:05 13369457                   /lib/x86_64-linux-gnu/libm-2.15.so
7f0b00297000-7f0b00df9000 r-xp 00000000 08:05 7867360                    /usr/lib/jvm/java-7-oracle/jre/lib/amd64/server/libjvm.so
7f0b00df9000-7f0b00ff9000 ---p 00b62000 08:05 7867360                    /usr/lib/jvm/java-7-oracle/jre/lib/amd64/server/libjvm.so
7f0b00ff9000-7f0b010bc000 rw-p 00b62000 08:05 7867360                    /usr/lib/jvm/java-7-oracle/jre/lib/amd64/server/libjvm.so
7f0b010bc000-7f0b010fd000 rw-p 00000000 00:00 0 
7f0b010fd000-7f0b012b2000 r-xp 00000000 08:05 13370023                   /lib/x86_64-linux-gnu/libc-2.15.so
7f0b012b2000-7f0b014b1000 ---p 001b5000 08:05 13370023                   /lib/x86_64-linux-gnu/libc-2.15.so
7f0b014b1000-7f0b014b5000 r--p 001b4000 08:05 13370023                   /lib/x86_64-linux-gnu/libc-2.15.so
7f0b014b5000-7f0b014b7000 rw-p 001b8000 08:05 13370023                   /lib/x86_64-linux-gnu/libc-2.15.so
7f0b014b7000-7f0b014bc000 rw-p 00000000 00:00 0 
7f0b014bc000-7f0b014be000 r-xp 00000000 08:05 13369459                   /lib/x86_64-linux-gnu/libdl-2.15.so
7f0b014be000-7f0b016be000 ---p 00002000 08:05 13369459                   /lib/x86_64-linux-gnu/libdl-2.15.so
7f0b016be000-7f0b016bf000 r--p 00002000 08:05 13369459                   /lib/x86_64-linux-gnu/libdl-2.15.so
7f0b016bf000-7f0b016c0000 rw-p 00003000 08:05 13369459                   /lib/x86_64-linux-gnu/libdl-2.15.so
7f0b016c0000-7f0b016d6000 r-xp 00000000 08:05 7867378                    /usr/lib/jvm/java-7-oracle/jre/lib/amd64/jli/libjli.so
7f0b016d6000-7f0b018d6000 ---p 00016000 08:05 7867378                    /usr/lib/jvm/java-7-oracle/jre/lib/amd64/jli/libjli.so
7f0b018d6000-7f0b018d7000 rw-p 00016000 08:05 7867378                    /usr/lib/jvm/java-7-oracle/jre/lib/amd64/jli/libjli.so
7f0b018d7000-7f0b018ef000 r-xp 00000000 08:05 13369367                   /lib/x86_64-linux-gnu/libpthread-2.15.so
7f0b018ef000-7f0b01aee000 ---p 00018000 08:05 13369367                   /lib/x86_64-linux-gnu/libpthread-2.15.so
7f0b01aee000-7f0b01aef000 r--p 00017000 08:05 13369367                   /lib/x86_64-linux-gnu/libpthread-2.15.so
7f0b01aef000-7f0b01af0000 rw-p 00018000 08:05 13369367                   /lib/x86_64-linux-gnu/libpthread-2.15.so
7f0b01af0000-7f0b01af4000 rw-p 00000000 00:00 0 
7f0b01af4000-7f0b01b16000 r-xp 00000000 08:05 13369449                   /lib/x86_64-linux-gnu/ld-2.15.so
7f0b01b33000-7f0b01b3d000 rw-p 00000000 00:00 0 
7f0b01b3d000-7f0b01bf3000 rw-p 00000000 00:00 0 
7f0b01bf3000-7f0b01bf6000 ---p 00000000 00:00 0 
7f0b01bf6000-7f0b01cf8000 rw-p 00000000 00:00 0                          [stack:3338]
7f0b01d08000-7f0b01d0a000 rw-p 00000000 00:00 0 
7f0b01d0a000-7f0b01d12000 rw-s 00000000 08:05 10354730                   /tmp/hsperfdata_lilit/3336
7f0b01d12000-7f0b01d13000 rw-p 00000000 00:00 0 
7f0b01d13000-7f0b01d14000 r--p 00000000 00:00 0 
7f0b01d14000-7f0b01d16000 rw-p 00000000 00:00 0 
7f0b01d16000-7f0b01d17000 r--p 00022000 08:05 13369449                   /lib/x86_64-linux-gnu/ld-2.15.so
7f0b01d17000-7f0b01d19000 rw-p 00023000 08:05 13369449                   /lib/x86_64-linux-gnu/ld-2.15.so
7fffb525b000-7fffb527c000 rw-p 00000000 00:00 0                          [stack]
7fffb5365000-7fffb5366000 r-xp 00000000 00:00 0                          [vdso]
ffffffffff600000-ffffffffff601000 r-xp 00000000 00:00 0                  [vsyscall]

VM Arguments:
jvm_args: -Dfile.encoding=UTF-8 -Xbootclasspath:/home/lilit/Desktop/adt-bundle-linux-x86_64-20130917/sdk/platforms/android-18/android.jar 
java_command: com.exam.chat.ChatHelper
Launcher Type: SUN_STANDARD

Environment Variables:
JAVA_HOME=/usr/local/java/jdk1.7.0_25
PATH=/home/lilit/bin:/usr/lib/lightdm/lightdm:/usr/local/sbin:/usr/local/bin:/usr/sbin:/usr/bin:/sbin:/bin:/usr/games:/usr/local/games:/home/lilit/bin:/usr/local/java/jdk1.7.0_25/bin
SHELL=/bin/bash
DISPLAY=:0.0

Signal Handlers:
SIGSEGV: [libjvm.so+0x992d50], sa_mask[0]=0x7ffbfeff, sa_flags=0x10000004
SIGBUS: [libjvm.so+0x992d50], sa_mask[0]=0x7ffbfeff, sa_flags=0x10000004
SIGFPE: [libjvm.so+0x80fb00], sa_mask[0]=0x7ffbfeff, sa_flags=0x10000004
SIGPIPE: [libjvm.so+0x80fb00], sa_mask[0]=0x7ffbfeff, sa_flags=0x10000004
SIGXFSZ: [libjvm.so+0x80fb00], sa_mask[0]=0x7ffbfeff, sa_flags=0x10000004
SIGILL: [libjvm.so+0x80fb00], sa_mask[0]=0x7ffbfeff, sa_flags=0x10000004
SIGUSR1: SIG_DFL, sa_mask[0]=0x00000000, sa_flags=0x00000000
SIGUSR2: [libjvm.so+0x810ff0], sa_mask[0]=0x00000004, sa_flags=0x10000004
SIGHUP: SIG_DFL, sa_mask[0]=0x00000000, sa_flags=0x00000000
SIGINT: SIG_DFL, sa_mask[0]=0x00000000, sa_flags=0x00000000
SIGTERM: SIG_DFL, sa_mask[0]=0x00000000, sa_flags=0x00000000
SIGQUIT: SIG_DFL, sa_mask[0]=0x00000000, sa_flags=0x00000000


---------------  S Y S T E M  ---------------

OS:wheezy/sid

uname:Linux 3.5.0-17-generic #28-Ubuntu SMP Tue Oct 9 19:31:23 UTC 2012 x86_64
libc:glibc 2.15 NPTL 2.15 
rlimit: STACK 8192k, CORE 0k, NPROC 46183, NOFILE 4096, AS infinity
load average:0.66 0.90 0.58

/proc/meminfo:
MemTotal:        5929848 kB
MemFree:         3741236 kB
Buffers:           87060 kB
Cached:           822704 kB
SwapCached:            0 kB
Active:          1291960 kB
Inactive:         675608 kB
Active(anon):    1066344 kB
Inactive(anon):   181000 kB
Active(file):     225616 kB
Inactive(file):   494608 kB
Unevictable:       31424 kB
Mlocked:           31424 kB
SwapTotal:       6103036 kB
SwapFree:        6103036 kB
Dirty:               112 kB
Writeback:             0 kB
AnonPages:       1090144 kB
Mapped:           178692 kB
Shmem:            183568 kB
Slab:              75328 kB
SReclaimable:      47452 kB
SUnreclaim:        27876 kB
KernelStack:        4056 kB
PageTables:        32748 kB
NFS_Unstable:          0 kB
Bounce:                0 kB
WritebackTmp:          0 kB
CommitLimit:     9067960 kB
Committed_AS:    4349636 kB
VmallocTotal:   34359738367 kB
VmallocUsed:      368700 kB
VmallocChunk:   34359366108 kB
HardwareCorrupted:     0 kB
AnonHugePages:         0 kB
HugePages_Total:       0
HugePages_Free:        0
HugePages_Rsvd:        0
HugePages_Surp:        0
Hugepagesize:       2048 kB
DirectMap4k:       55296 kB
DirectMap2M:     5029888 kB


CPU:total 4 (2 cores per cpu, 2 threads per core) family 6 model 58 stepping 9, cmov, cx8, fxsr, mmx, sse, sse2, sse3, ssse3, sse4.1, sse4.2, popcnt, avx, erms, ht, tsc, tscinvbit, tscinv

/proc/cpuinfo:
processor	: 0
vendor_id	: GenuineIntel
cpu family	: 6
model		: 58
model name	: Intel(R) Core(TM) i3-3120M CPU @ 2.50GHz
stepping	: 9
microcode	: 0x15
cpu MHz		: 2500.000
cache size	: 3072 KB
physical id	: 0
siblings	: 4
core id		: 0
cpu cores	: 2
apicid		: 0
initial apicid	: 0
fpu		: yes
fpu_exception	: yes
cpuid level	: 13
wp		: yes
flags		: fpu vme de pse tsc msr pae mce cx8 apic sep mtrr pge mca cmov pat pse36 clflush dts acpi mmx fxsr sse sse2 ss ht tm pbe syscall nx rdtscp lm constant_tsc arch_perfmon pebs bts rep_good nopl xtopology nonstop_tsc aperfmperf pni pclmulqdq dtes64 monitor ds_cpl vmx est tm2 ssse3 cx16 xtpr pdcm pcid sse4_1 sse4_2 x2apic popcnt tsc_deadline_timer xsave avx f16c lahf_lm arat epb xsaveopt pln pts dtherm tpr_shadow vnmi flexpriority ept vpid fsgsbase smep erms
bogomips	: 4988.75
clflush size	: 64
cache_alignment	: 64
address sizes	: 36 bits physical, 48 bits virtual
power management:

processor	: 1
vendor_id	: GenuineIntel
cpu family	: 6
model		: 58
model name	: Intel(R) Core(TM) i3-3120M CPU @ 2.50GHz
stepping	: 9
microcode	: 0x15
cpu MHz		: 2500.000
cache size	: 3072 KB
physical id	: 0
siblings	: 4
core id		: 0
cpu cores	: 2
apicid		: 1
initial apicid	: 1
fpu		: yes
fpu_exception	: yes
cpuid level	: 13
wp		: yes
flags		: fpu vme de pse tsc msr pae mce cx8 apic sep mtrr pge mca cmov pat pse36 clflush dts acpi mmx fxsr sse sse2 ss ht tm pbe syscall nx rdtscp lm constant_tsc arch_perfmon pebs bts rep_good nopl xtopology nonstop_tsc aperfmperf pni pclmulqdq dtes64 monitor ds_cpl vmx est tm2 ssse3 cx16 xtpr pdcm pcid sse4_1 sse4_2 x2apic popcnt tsc_deadline_timer xsave avx f16c lahf_lm arat epb xsaveopt pln pts dtherm tpr_shadow vnmi flexpriority ept vpid fsgsbase smep erms
bogomips	: 4988.75
clflush size	: 64
cache_alignment	: 64
address sizes	: 36 bits physical, 48 bits virtual
power management:

processor	: 2
vendor_id	: GenuineIntel
cpu family	: 6
model		: 58
model name	: Intel(R) Core(TM) i3-3120M CPU @ 2.50GHz
stepping	: 9
microcode	: 0x15
cpu MHz		: 2500.000
cache size	: 3072 KB
physical id	: 0
siblings	: 4
core id		: 1
cpu cores	: 2
apicid		: 2
initial apicid	: 2
fpu		: yes
fpu_exception	: yes
cpuid level	: 13
wp		: yes
flags		: fpu vme de pse tsc msr pae mce cx8 apic sep mtrr pge mca cmov pat pse36 clflush dts acpi mmx fxsr sse sse2 ss ht tm pbe syscall nx rdtscp lm constant_tsc arch_perfmon pebs bts rep_good nopl xtopology nonstop_tsc aperfmperf pni pclmulqdq dtes64 monitor ds_cpl vmx est tm2 ssse3 cx16 xtpr pdcm pcid sse4_1 sse4_2 x2apic popcnt tsc_deadline_timer xsave avx f16c lahf_lm arat epb xsaveopt pln pts dtherm tpr_shadow vnmi flexpriority ept vpid fsgsbase smep erms
bogomips	: 4988.75
clflush size	: 64
cache_alignment	: 64
address sizes	: 36 bits physical, 48 bits virtual
power management:

processor	: 3
vendor_id	: GenuineIntel
cpu family	: 6
model		: 58
model name	: Intel(R) Core(TM) i3-3120M CPU @ 2.50GHz
stepping	: 9
microcode	: 0x15
cpu MHz		: 2500.000
cache size	: 3072 KB
physical id	: 0
siblings	: 4
core id		: 1
cpu cores	: 2
apicid		: 3
initial apicid	: 3
fpu		: yes
fpu_exception	: yes
cpuid level	: 13
wp		: yes
flags		: fpu vme de pse tsc msr pae mce cx8 apic sep mtrr pge mca cmov pat pse36 clflush dts acpi mmx fxsr sse sse2 ss ht tm pbe syscall nx rdtscp lm constant_tsc arch_perfmon pebs bts rep_good nopl xtopology nonstop_tsc aperfmperf pni pclmulqdq dtes64 monitor ds_cpl vmx est tm2 ssse3 cx16 xtpr pdcm pcid sse4_1 sse4_2 x2apic popcnt tsc_deadline_timer xsave avx f16c lahf_lm arat epb xsaveopt pln pts dtherm tpr_shadow vnmi flexpriority ept vpid fsgsbase smep erms
bogomips	: 4988.75
clflush size	: 64
cache_alignment	: 64
address sizes	: 36 bits physical, 48 bits virtual
power management:



Memory: 4k page, physical 5929848k(3741236k free), swap 6103036k(6103036k free)

vm_info: Java HotSpot(TM) 64-Bit Server VM (24.0-b56) for linux-amd64 JRE (1.7.0_40-b43), built on Aug 26 2013 23:53:33 by "java_re" with gcc 4.3.0 20080428 (Red Hat 4.3.0-8)

time: Thu Dec  5 17:25:36 2013
elapsed time: 0 seconds

