#
# A fatal error has been detected by the Java Runtime Environment:
#
#  Internal Error (javaClasses.cpp:136), pid=3713, tid=139891497760512
#  fatal error: Invalid layout of preloaded class
#
# JRE version:  (7.0_40-b43) (build )
# Java VM: Java HotSpot(TM) 64-Bit Server VM (24.0-b56 mixed mode linux-amd64 compressed oops)
# Failed to write core dump. Core dumps have been disabled. To enable core dumping, try "ulimit -c unlimited" before starting Java again
#
# If you would like to submit a bug report, please visit:
#   http://bugreport.sun.com/bugreport/crash.jsp
#

---------------  T H R E A D  ---------------

Current thread (0x00007f3b0000a000):  JavaThread "Unknown thread" [_thread_in_vm, id=3715, stack(0x00007f3b06f7f000,0x00007f3b07080000)]

Stack: [0x00007f3b06f7f000,0x00007f3b07080000],  sp=0x00007f3b0707e7c0,  free space=1021k
Native frames: (J=compiled Java code, j=interpreted, Vv=VM code, C=native code)
V  [libjvm.so+0x99242a]  VMError::report_and_die()+0x2ea
V  [libjvm.so+0x493529]  report_fatal(char const*, int, char const*)+0x59
V  [libjvm.so+0x5fdc80]  compute_offset(int&, klassOopDesc*, Symbol*, Symbol*, bool)+0x140
V  [libjvm.so+0x5fe799]  java_lang_String::compute_offsets()+0x39
V  [libjvm.so+0x9186f5]  SystemDictionary::initialize_preloaded_classes(Thread*)+0x1a5
V  [libjvm.so+0x967434]  Universe::genesis(Thread*)+0x494
V  [libjvm.so+0x9678e9]  universe2_init()+0x29
V  [libjvm.so+0x5a961d]  init_globals()+0xbd
V  [libjvm.so+0x94e4bd]  Threads::create_vm(JavaVMInitArgs*, bool*)+0x1ed
V  [libjvm.so+0x630004]  JNI_CreateJavaVM+0x74
C  [libjli.so+0x2f8e]  JavaMain+0x9e


---------------  P R O C E S S  ---------------

Java Threads: ( => current thread )

Other Threads:

=>0x00007f3b0000a000 (exited) JavaThread "Unknown thread" [_thread_in_vm, id=3715, stack(0x00007f3b06f7f000,0x00007f3b07080000)]

VM state:not at safepoint (not fully initialized)

VM Mutex/Monitor currently owned by a thread: None

GC Heap History (0 events):
No events

Deoptimization events (0 events):
No events

Internal exceptions (0 events):
No events

Events (10 events):
Event: 0.008 loading class 0x00007f3afc5c56f0 done
Event: 0.009 loading class 0x00007f3afc5c5110 done
Event: 0.009 loading class 0x00007f3afc5c50f0
Event: 0.009 loading class 0x00007f3afc5cd1f0
Event: 0.009 loading class 0x00007f3afc5cd1f0 done
Event: 0.009 loading class 0x00007f3afc5cd220
Event: 0.009 loading class 0x00007f3afc5cd220 done
Event: 0.009 loading class 0x00007f3afc5cd250
Event: 0.009 loading class 0x00007f3afc5cd250 done
Event: 0.009 loading class 0x00007f3afc5c50f0 done


Dynamic libraries:
00400000-00401000 r-xp 00000000 08:05 5904068                            /usr/lib/jvm/java-7-oracle/bin/java
00600000-00601000 rw-p 00000000 08:05 5904068                            /usr/lib/jvm/java-7-oracle/bin/java
01f37000-01f58000 rw-p 00000000 00:00 0                                  [heap]
a0600000-a1b00000 rw-p 00000000 00:00 0 
a1b00000-a5800000 rw-p 00000000 00:00 0 
a5800000-a9400000 rw-p 00000000 00:00 0 
a9400000-e1d00000 rw-p 00000000 00:00 0 
e1d00000-e3b80000 rw-p 00000000 00:00 0 
e3b80000-100000000 rw-p 00000000 00:00 0 
7f3ae0000000-7f3ae0021000 rw-p 00000000 00:00 0 
7f3ae0021000-7f3ae4000000 ---p 00000000 00:00 0 
7f3ae8000000-7f3ae8021000 rw-p 00000000 00:00 0 
7f3ae8021000-7f3aec000000 ---p 00000000 00:00 0 
7f3af0000000-7f3af0021000 rw-p 00000000 00:00 0 
7f3af0021000-7f3af4000000 ---p 00000000 00:00 0 
7f3af5030000-7f3af8000000 rw-p 00000000 00:00 0 
7f3af8000000-7f3af8021000 rw-p 00000000 00:00 0 
7f3af8021000-7f3afc000000 ---p 00000000 00:00 0 
7f3afc21b000-7f3afc485000 rw-p 00000000 00:00 0 
7f3afc485000-7f3afc54f000 r--s 011ad000 08:05 4333393                    /home/lilit/Desktop/adt-bundle-linux-x86_64-20130917/sdk/platforms/android-18/android.jar
7f3afc54f000-7f3afc91d000 rw-p 00000000 00:00 0 
7f3afc91d000-7f3afc91e000 ---p 00000000 00:00 0 
7f3afc91e000-7f3afca1e000 rw-p 00000000 00:00 0                          [stack:3719]
7f3afca1e000-7f3afca1f000 ---p 00000000 00:00 0 
7f3afca1f000-7f3afcb3d000 rw-p 00000000 00:00 0                          [stack:3718]
7f3afcb3d000-7f3afcd02000 rw-p 00000000 00:00 0 
7f3afcd02000-7f3afcd0d000 rw-p 00000000 00:00 0 
7f3afcd0d000-7f3afcd2b000 rw-p 00000000 00:00 0 
7f3afcd2b000-7f3afcd49000 rw-p 00000000 00:00 0 
7f3afcd49000-7f3afcf0d000 rw-p 00000000 00:00 0 
7f3afcf0d000-7f3afcf1d000 rw-p 00000000 00:00 0 
7f3afcf1d000-7f3afcfff000 rw-p 00000000 00:00 0 
7f3afcfff000-7f3afd000000 rw-p 00000000 00:00 0 
7f3afd000000-7f3afd270000 rwxp 00000000 00:00 0 
7f3afd270000-7f3b00054000 rw-p 00000000 00:00 0 
7f3b00054000-7f3b04000000 ---p 00000000 00:00 0 
7f3b0401e000-7f3b04064000 rw-p 00000000 00:00 0 
7f3b04064000-7f3b04065000 ---p 00000000 00:00 0 
7f3b04065000-7f3b04165000 rw-p 00000000 00:00 0                          [stack:3717]
7f3b04165000-7f3b04166000 ---p 00000000 00:00 0 
7f3b04166000-7f3b04271000 rw-p 00000000 00:00 0                          [stack:3716]
7f3b04271000-7f3b0428f000 rw-p 00000000 00:00 0 
7f3b0428f000-7f3b042a9000 r-xp 00000000 08:05 7867408                    /usr/lib/jvm/java-7-oracle/jre/lib/amd64/libzip.so
7f3b042a9000-7f3b044a9000 ---p 0001a000 08:05 7867408                    /usr/lib/jvm/java-7-oracle/jre/lib/amd64/libzip.so
7f3b044a9000-7f3b044aa000 rw-p 0001a000 08:05 7867408                    /usr/lib/jvm/java-7-oracle/jre/lib/amd64/libzip.so
7f3b044aa000-7f3b044b6000 r-xp 00000000 08:05 13369446                   /lib/x86_64-linux-gnu/libnss_files-2.15.so
7f3b044b6000-7f3b046b5000 ---p 0000c000 08:05 13369446                   /lib/x86_64-linux-gnu/libnss_files-2.15.so
7f3b046b5000-7f3b046b6000 r--p 0000b000 08:05 13369446                   /lib/x86_64-linux-gnu/libnss_files-2.15.so
7f3b046b6000-7f3b046b7000 rw-p 0000c000 08:05 13369446                   /lib/x86_64-linux-gnu/libnss_files-2.15.so
7f3b046b7000-7f3b046c1000 r-xp 00000000 08:05 13369349                   /lib/x86_64-linux-gnu/libnss_nis-2.15.so
7f3b046c1000-7f3b048c1000 ---p 0000a000 08:05 13369349                   /lib/x86_64-linux-gnu/libnss_nis-2.15.so
7f3b048c1000-7f3b048c2000 r--p 0000a000 08:05 13369349                   /lib/x86_64-linux-gnu/libnss_nis-2.15.so
7f3b048c2000-7f3b048c3000 rw-p 0000b000 08:05 13369349                   /lib/x86_64-linux-gnu/libnss_nis-2.15.so
7f3b048c3000-7f3b048da000 r-xp 00000000 08:05 13369456                   /lib/x86_64-linux-gnu/libnsl-2.15.so
7f3b048da000-7f3b04ad9000 ---p 00017000 08:05 13369456                   /lib/x86_64-linux-gnu/libnsl-2.15.so
7f3b04ad9000-7f3b04ada000 r--p 00016000 08:05 13369456                   /lib/x86_64-linux-gnu/libnsl-2.15.so
7f3b04ada000-7f3b04adb000 rw-p 00017000 08:05 13369456                   /lib/x86_64-linux-gnu/libnsl-2.15.so
7f3b04adb000-7f3b04add000 rw-p 00000000 00:00 0 
7f3b04add000-7f3b04ae5000 r-xp 00000000 08:05 13369460                   /lib/x86_64-linux-gnu/libnss_compat-2.15.so
7f3b04ae5000-7f3b04ce4000 ---p 00008000 08:05 13369460                   /lib/x86_64-linux-gnu/libnss_compat-2.15.so
7f3b04ce4000-7f3b04ce5000 r--p 00007000 08:05 13369460                   /lib/x86_64-linux-gnu/libnss_compat-2.15.so
7f3b04ce5000-7f3b04ce6000 rw-p 00008000 08:05 13369460                   /lib/x86_64-linux-gnu/libnss_compat-2.15.so
7f3b04ce6000-7f3b04d0f000 r-xp 00000000 08:05 7867395                    /usr/lib/jvm/java-7-oracle/jre/lib/amd64/libjava.so
7f3b04d0f000-7f3b04f0f000 ---p 00029000 08:05 7867395                    /usr/lib/jvm/java-7-oracle/jre/lib/amd64/libjava.so
7f3b04f0f000-7f3b04f11000 rw-p 00029000 08:05 7867395                    /usr/lib/jvm/java-7-oracle/jre/lib/amd64/libjava.so
7f3b04f11000-7f3b04f1e000 r-xp 00000000 08:05 7867375                    /usr/lib/jvm/java-7-oracle/jre/lib/amd64/libverify.so
7f3b04f1e000-7f3b0511d000 ---p 0000d000 08:05 7867375                    /usr/lib/jvm/java-7-oracle/jre/lib/amd64/libverify.so
7f3b0511d000-7f3b0511f000 rw-p 0000c000 08:05 7867375                    /usr/lib/jvm/java-7-oracle/jre/lib/amd64/libverify.so
7f3b0511f000-7f3b05126000 r-xp 00000000 08:05 13369448                   /lib/x86_64-linux-gnu/librt-2.15.so
7f3b05126000-7f3b05325000 ---p 00007000 08:05 13369448                   /lib/x86_64-linux-gnu/librt-2.15.so
7f3b05325000-7f3b05326000 r--p 00006000 08:05 13369448                   /lib/x86_64-linux-gnu/librt-2.15.so
7f3b05326000-7f3b05327000 rw-p 00007000 08:05 13369448                   /lib/x86_64-linux-gnu/librt-2.15.so
7f3b05327000-7f3b05422000 r-xp 00000000 08:05 13369457                   /lib/x86_64-linux-gnu/libm-2.15.so
7f3b05422000-7f3b05621000 ---p 000fb000 08:05 13369457                   /lib/x86_64-linux-gnu/libm-2.15.so
7f3b05621000-7f3b05622000 r--p 000fa000 08:05 13369457                   /lib/x86_64-linux-gnu/libm-2.15.so
7f3b05622000-7f3b05623000 rw-p 000fb000 08:05 13369457                   /lib/x86_64-linux-gnu/libm-2.15.so
7f3b05623000-7f3b06185000 r-xp 00000000 08:05 7867360                    /usr/lib/jvm/java-7-oracle/jre/lib/amd64/server/libjvm.so
7f3b06185000-7f3b06385000 ---p 00b62000 08:05 7867360                    /usr/lib/jvm/java-7-oracle/jre/lib/amd64/server/libjvm.so
7f3b06385000-7f3b06448000 rw-p 00b62000 08:05 7867360                    /usr/lib/jvm/java-7-oracle/jre/lib/amd64/server/libjvm.so
7f3b06448000-7f3b06489000 rw-p 00000000 00:00 0 
7f3b06489000-7f3b0663e000 r-xp 00000000 08:05 13370023                   /lib/x86_64-linux-gnu/libc-2.15.so
7f3b0663e000-7f3b0683d000 ---p 001b5000 08:05 13370023                   /lib/x86_64-linux-gnu/libc-2.15.so
7f3b0683d000-7f3b06841000 r--p 001b4000 08:05 13370023                   /lib/x86_64-linux-gnu/libc-2.15.so
7f3b06841000-7f3b06843000 rw-p 001b8000 08:05 13370023                   /lib/x86_64-linux-gnu/libc-2.15.so
7f3b06843000-7f3b06848000 rw-p 00000000 00:00 0 
7f3b06848000-7f3b0684a000 r-xp 00000000 08:05 13369459                   /lib/x86_64-linux-gnu/libdl-2.15.so
7f3b0684a000-7f3b06a4a000 ---p 00002000 08:05 13369459                   /lib/x86_64-linux-gnu/libdl-2.15.so
7f3b06a4a000-7f3b06a4b000 r--p 00002000 08:05 13369459                   /lib/x86_64-linux-gnu/libdl-2.15.so
7f3b06a4b000-7f3b06a4c000 rw-p 00003000 08:05 13369459                   /lib/x86_64-linux-gnu/libdl-2.15.so
7f3b06a4c000-7f3b06a62000 r-xp 00000000 08:05 7867378                    /usr/lib/jvm/java-7-oracle/jre/lib/amd64/jli/libjli.so
7f3b06a62000-7f3b06c62000 ---p 00016000 08:05 7867378                    /usr/lib/jvm/java-7-oracle/jre/lib/amd64/jli/libjli.so
7f3b06c62000-7f3b06c63000 rw-p 00016000 08:05 7867378                    /usr/lib/jvm/java-7-oracle/jre/lib/amd64/jli/libjli.so
7f3b06c63000-7f3b06c7b000 r-xp 00000000 08:05 13369367                   /lib/x86_64-linux-gnu/libpthread-2.15.so
7f3b06c7b000-7f3b06e7a000 ---p 00018000 08:05 13369367                   /lib/x86_64-linux-gnu/libpthread-2.15.so
7f3b06e7a000-7f3b06e7b000 r--p 00017000 08:05 13369367                   /lib/x86_64-linux-gnu/libpthread-2.15.so
7f3b06e7b000-7f3b06e7c000 rw-p 00018000 08:05 13369367                   /lib/x86_64-linux-gnu/libpthread-2.15.so
7f3b06e7c000-7f3b06e80000 rw-p 00000000 00:00 0 
7f3b06e80000-7f3b06ea2000 r-xp 00000000 08:05 13369449                   /lib/x86_64-linux-gnu/ld-2.15.so
7f3b06ebf000-7f3b06ec9000 rw-p 00000000 00:00 0 
7f3b06ec9000-7f3b06f7f000 rw-p 00000000 00:00 0 
7f3b06f7f000-7f3b06f82000 ---p 00000000 00:00 0 
7f3b06f82000-7f3b07084000 rw-p 00000000 00:00 0                          [stack:3715]
7f3b07094000-7f3b07096000 rw-p 00000000 00:00 0 
7f3b07096000-7f3b0709e000 rw-s 00000000 08:05 10354730                   /tmp/hsperfdata_lilit/3713
7f3b0709e000-7f3b0709f000 rw-p 00000000 00:00 0 
7f3b0709f000-7f3b070a0000 r--p 00000000 00:00 0 
7f3b070a0000-7f3b070a2000 rw-p 00000000 00:00 0 
7f3b070a2000-7f3b070a3000 r--p 00022000 08:05 13369449                   /lib/x86_64-linux-gnu/ld-2.15.so
7f3b070a3000-7f3b070a5000 rw-p 00023000 08:05 13369449                   /lib/x86_64-linux-gnu/ld-2.15.so
7fffd0bd9000-7fffd0bfa000 rw-p 00000000 00:00 0                          [stack]
7fffd0bff000-7fffd0c00000 r-xp 00000000 00:00 0                          [vdso]
ffffffffff600000-ffffffffff601000 r-xp 00000000 00:00 0                  [vsyscall]

VM Arguments:
jvm_args: -Dfile.encoding=UTF-8 -Xbootclasspath:/home/lilit/Desktop/adt-bundle-linux-x86_64-20130917/sdk/platforms/android-18/android.jar 
java_command: com.exam.chat.ChatHelper
Launcher Type: SUN_STANDARD

Environment Variables:
JAVA_HOME=/usr/local/java/jdk1.7.0_25
PATH=/home/lilit/bin:/usr/lib/lightdm/lightdm:/usr/local/sbin:/usr/local/bin:/usr/sbin:/usr/bin:/sbin:/bin:/usr/games:/usr/local/games:/home/lilit/bin:/usr/local/java/jdk1.7.0_25/bin
SHELL=/bin/bash
DISPLAY=:0.0

Signal Handlers:
SIGSEGV: [libjvm.so+0x992d50], sa_mask[0]=0x7ffbfeff, sa_flags=0x10000004
SIGBUS: [libjvm.so+0x992d50], sa_mask[0]=0x7ffbfeff, sa_flags=0x10000004
SIGFPE: [libjvm.so+0x80fb00], sa_mask[0]=0x7ffbfeff, sa_flags=0x10000004
SIGPIPE: [libjvm.so+0x80fb00], sa_mask[0]=0x7ffbfeff, sa_flags=0x10000004
SIGXFSZ: [libjvm.so+0x80fb00], sa_mask[0]=0x7ffbfeff, sa_flags=0x10000004
SIGILL: [libjvm.so+0x80fb00], sa_mask[0]=0x7ffbfeff, sa_flags=0x10000004
SIGUSR1: SIG_DFL, sa_mask[0]=0x00000000, sa_flags=0x00000000
SIGUSR2: [libjvm.so+0x810ff0], sa_mask[0]=0x00000004, sa_flags=0x10000004
SIGHUP: SIG_DFL, sa_mask[0]=0x00000000, sa_flags=0x00000000
SIGINT: SIG_DFL, sa_mask[0]=0x00000000, sa_flags=0x00000000
SIGTERM: SIG_DFL, sa_mask[0]=0x00000000, sa_flags=0x00000000
SIGQUIT: SIG_DFL, sa_mask[0]=0x00000000, sa_flags=0x00000000


---------------  S Y S T E M  ---------------

OS:wheezy/sid

uname:Linux 3.5.0-17-generic #28-Ubuntu SMP Tue Oct 9 19:31:23 UTC 2012 x86_64
libc:glibc 2.15 NPTL 2.15 
rlimit: STACK 8192k, CORE 0k, NPROC 46183, NOFILE 4096, AS infinity
load average:0.22 0.22 0.17

/proc/meminfo:
MemTotal:        5929848 kB
MemFree:         3120072 kB
Buffers:           89864 kB
Cached:          1073144 kB
SwapCached:            0 kB
Active:          1662900 kB
Inactive:         914796 kB
Active(anon):    1423900 kB
Inactive(anon):   292904 kB
Active(file):     239000 kB
Inactive(file):   621892 kB
Unevictable:       31344 kB
Mlocked:           31344 kB
SwapTotal:       6103036 kB
SwapFree:        6103036 kB
Dirty:               324 kB
Writeback:             0 kB
AnonPages:       1446888 kB
Mapped:           200472 kB
Shmem:            295944 kB
Slab:              81900 kB
SReclaimable:      52316 kB
SUnreclaim:        29584 kB
KernelStack:        4016 kB
PageTables:        35892 kB
NFS_Unstable:          0 kB
Bounce:                0 kB
WritebackTmp:          0 kB
CommitLimit:     9067960 kB
Committed_AS:    4892536 kB
VmallocTotal:   34359738367 kB
VmallocUsed:      368724 kB
VmallocChunk:   34359364192 kB
HardwareCorrupted:     0 kB
AnonHugePages:         0 kB
HugePages_Total:       0
HugePages_Free:        0
HugePages_Rsvd:        0
HugePages_Surp:        0
Hugepagesize:       2048 kB
DirectMap4k:       57344 kB
DirectMap2M:     5027840 kB


CPU:total 4 (2 cores per cpu, 2 threads per core) family 6 model 58 stepping 9, cmov, cx8, fxsr, mmx, sse, sse2, sse3, ssse3, sse4.1, sse4.2, popcnt, avx, erms, ht, tsc, tscinvbit, tscinv

/proc/cpuinfo:
processor	: 0
vendor_id	: GenuineIntel
cpu family	: 6
model		: 58
model name	: Intel(R) Core(TM) i3-3120M CPU @ 2.50GHz
stepping	: 9
microcode	: 0x15
cpu MHz		: 2500.000
cache size	: 3072 KB
physical id	: 0
siblings	: 4
core id		: 0
cpu cores	: 2
apicid		: 0
initial apicid	: 0
fpu		: yes
fpu_exception	: yes
cpuid level	: 13
wp		: yes
flags		: fpu vme de pse tsc msr pae mce cx8 apic sep mtrr pge mca cmov pat pse36 clflush dts acpi mmx fxsr sse sse2 ss ht tm pbe syscall nx rdtscp lm constant_tsc arch_perfmon pebs bts rep_good nopl xtopology nonstop_tsc aperfmperf pni pclmulqdq dtes64 monitor ds_cpl vmx est tm2 ssse3 cx16 xtpr pdcm pcid sse4_1 sse4_2 x2apic popcnt tsc_deadline_timer xsave avx f16c lahf_lm arat epb xsaveopt pln pts dtherm tpr_shadow vnmi flexpriority ept vpid fsgsbase smep erms
bogomips	: 4988.72
clflush size	: 64
cache_alignment	: 64
address sizes	: 36 bits physical, 48 bits virtual
power management:

processor	: 1
vendor_id	: GenuineIntel
cpu family	: 6
model		: 58
model name	: Intel(R) Core(TM) i3-3120M CPU @ 2.50GHz
stepping	: 9
microcode	: 0x15
cpu MHz		: 1400.000
cache size	: 3072 KB
physical id	: 0
siblings	: 4
core id		: 0
cpu cores	: 2
apicid		: 1
initial apicid	: 1
fpu		: yes
fpu_exception	: yes
cpuid level	: 13
wp		: yes
flags		: fpu vme de pse tsc msr pae mce cx8 apic sep mtrr pge mca cmov pat pse36 clflush dts acpi mmx fxsr sse sse2 ss ht tm pbe syscall nx rdtscp lm constant_tsc arch_perfmon pebs bts rep_good nopl xtopology nonstop_tsc aperfmperf pni pclmulqdq dtes64 monitor ds_cpl vmx est tm2 ssse3 cx16 xtpr pdcm pcid sse4_1 sse4_2 x2apic popcnt tsc_deadline_timer xsave avx f16c lahf_lm arat epb xsaveopt pln pts dtherm tpr_shadow vnmi flexpriority ept vpid fsgsbase smep erms
bogomips	: 4988.72
clflush size	: 64
cache_alignment	: 64
address sizes	: 36 bits physical, 48 bits virtual
power management:

processor	: 2
vendor_id	: GenuineIntel
cpu family	: 6
model		: 58
model name	: Intel(R) Core(TM) i3-3120M CPU @ 2.50GHz
stepping	: 9
microcode	: 0x15
cpu MHz		: 1200.000
cache size	: 3072 KB
physical id	: 0
siblings	: 4
core id		: 1
cpu cores	: 2
apicid		: 2
initial apicid	: 2
fpu		: yes
fpu_exception	: yes
cpuid level	: 13
wp		: yes
flags		: fpu vme de pse tsc msr pae mce cx8 apic sep mtrr pge mca cmov pat pse36 clflush dts acpi mmx fxsr sse sse2 ss ht tm pbe syscall nx rdtscp lm constant_tsc arch_perfmon pebs bts rep_good nopl xtopology nonstop_tsc aperfmperf pni pclmulqdq dtes64 monitor ds_cpl vmx est tm2 ssse3 cx16 xtpr pdcm pcid sse4_1 sse4_2 x2apic popcnt tsc_deadline_timer xsave avx f16c lahf_lm arat epb xsaveopt pln pts dtherm tpr_shadow vnmi flexpriority ept vpid fsgsbase smep erms
bogomips	: 4988.72
clflush size	: 64
cache_alignment	: 64
address sizes	: 36 bits physical, 48 bits virtual
power management:

processor	: 3
vendor_id	: GenuineIntel
cpu family	: 6
model		: 58
model name	: Intel(R) Core(TM) i3-3120M CPU @ 2.50GHz
stepping	: 9
microcode	: 0x15
cpu MHz		: 2500.000
cache size	: 3072 KB
physical id	: 0
siblings	: 4
core id		: 1
cpu cores	: 2
apicid		: 3
initial apicid	: 3
fpu		: yes
fpu_exception	: yes
cpuid level	: 13
wp		: yes
flags		: fpu vme de pse tsc msr pae mce cx8 apic sep mtrr pge mca cmov pat pse36 clflush dts acpi mmx fxsr sse sse2 ss ht tm pbe syscall nx rdtscp lm constant_tsc arch_perfmon pebs bts rep_good nopl xtopology nonstop_tsc aperfmperf pni pclmulqdq dtes64 monitor ds_cpl vmx est tm2 ssse3 cx16 xtpr pdcm pcid sse4_1 sse4_2 x2apic popcnt tsc_deadline_timer xsave avx f16c lahf_lm arat epb xsaveopt pln pts dtherm tpr_shadow vnmi flexpriority ept vpid fsgsbase smep erms
bogomips	: 4988.72
clflush size	: 64
cache_alignment	: 64
address sizes	: 36 bits physical, 48 bits virtual
power management:



Memory: 4k page, physical 5929848k(3120072k free), swap 6103036k(6103036k free)

vm_info: Java HotSpot(TM) 64-Bit Server VM (24.0-b56) for linux-amd64 JRE (1.7.0_40-b43), built on Aug 26 2013 23:53:33 by "java_re" with gcc 4.3.0 20080428 (Red Hat 4.3.0-8)

time: Thu Dec  5 17:09:09 2013
elapsed time: 0 seconds

